[31m2024-04-15 07:51:09,822[0;39m [32m[WARN][0;39m com.zaxxer.hikari.pool.HikariPool HikariPool-1 housekeeper [32mHikariPool-1 - Thread starvation or clock leap detected (housekeeper delta=12h55m14s264ms540µs300ns).
[0;39m[31m2024-04-15 07:54:50,548[0;39m [32m[WARN][0;39m com.paymentdao.payment.service.PaymentTransferImplementation http-nio-8082-exec-5 [32mPayee not found
[0;39m[31m2024-04-15 07:54:50,560[0;39m [32m[WARN][0;39m com.payment.webservice.restservices.PayeeController http-nio-8082-exec-5 [32mPayee not found
[0;39m[31m2024-04-15 07:56:08,698[0;39m [32m[INFO][0;39m com.payment.webservice.WebserviceApplication restartedMain [32mStarting WebserviceApplication using Java 1.8.0_292 on WPF45CTT7 with PID 2656 (C:\DLTE-JAVA-FULL-STACK-ARUNDHATHI-NAYAK-2024\PROJECT\PAYMENT_WEBSERVICES\target\classes started by xxnayaka in C:\DLTE-JAVA-FULL-STACK-ARUNDHATHI-NAYAK-2024\PROJECT\PAYMENT_WEBSERVICES)
[0;39m[31m2024-04-15 07:56:08,703[0;39m [32m[INFO][0;39m com.payment.webservice.WebserviceApplication restartedMain [32mNo active profile set, falling back to 1 default profile: "default"
[0;39m[31m2024-04-15 07:56:08,788[0;39m [32m[INFO][0;39m org.springframework.boot.devtools.restart.ChangeableUrls restartedMain [32mThe Class-Path manifest attribute in C:\tools\maven_repo\repository\com\oracle\database\security\oraclepki\21.5.0.0\oraclepki-21.5.0.0.jar referenced one or more files that do not exist: file:/C:/tools/maven_repo/repository/com/oracle/database/security/oraclepki/21.5.0.0/osdt_core.jar,file:/C:/tools/maven_repo/repository/com/oracle/database/security/oraclepki/21.5.0.0/osdt_cert.jar,file:/C:/tools/maven_repo/repository/com/oracle/database/security/oraclepki/oracle.osdt/osdt_core.jar,file:/C:/tools/maven_repo/repository/com/oracle/database/security/oraclepki/oracle.osdt/osdt_cert.jar
[0;39m[31m2024-04-15 07:56:08,788[0;39m [32m[INFO][0;39m org.springframework.boot.devtools.env.DevToolsPropertyDefaultsPostProcessor restartedMain [32mDevtools property defaults active! Set 'spring.devtools.add-properties' to 'false' to disable
[0;39m[31m2024-04-15 07:56:08,788[0;39m [32m[INFO][0;39m org.springframework.boot.devtools.env.DevToolsPropertyDefaultsPostProcessor restartedMain [32mFor additional web related logging consider setting the 'logging.level.web' property to 'DEBUG'
[0;39m[31m2024-04-15 07:56:09,852[0;39m [32m[INFO][0;39m org.springframework.data.repository.config.RepositoryConfigurationDelegate restartedMain [32mBootstrapping Spring Data JDBC repositories in DEFAULT mode.
[0;39m[31m2024-04-15 07:56:09,883[0;39m [32m[INFO][0;39m org.springframework.data.repository.config.RepositoryConfigurationDelegate restartedMain [32mFinished Spring Data repository scanning in 23 ms. Found 0 JDBC repository interfaces.
[0;39m[31m2024-04-15 07:56:10,153[0;39m [32m[INFO][0;39m org.springframework.context.support.PostProcessorRegistrationDelegate$BeanPostProcessorChecker restartedMain [32mBean 'org.springframework.ws.config.annotation.DelegatingWsConfiguration' of type [org.springframework.ws.config.annotation.DelegatingWsConfiguration$$EnhancerBySpringCGLIB$$9fb5f85a] is not eligible for getting processed by all BeanPostProcessors (for example: not eligible for auto-proxying)
[0;39m[31m2024-04-15 07:56:10,206[0;39m [32m[INFO][0;39m org.springframework.ws.soap.addressing.server.AnnotationActionEndpointMapping restartedMain [32mSupporting [WS-Addressing August 2004, WS-Addressing 1.0]
[0;39m[31m2024-04-15 07:56:10,472[0;39m [32m[INFO][0;39m org.springframework.boot.web.embedded.tomcat.TomcatWebServer restartedMain [32mTomcat initialized with port(s): 8082 (http)
[0;39m[31m2024-04-15 07:56:10,472[0;39m [32m[INFO][0;39m org.apache.catalina.core.StandardService restartedMain [32mStarting service [Tomcat]
[0;39m[31m2024-04-15 07:56:10,472[0;39m [32m[INFO][0;39m org.apache.catalina.core.StandardEngine restartedMain [32mStarting Servlet engine: [Apache Tomcat/9.0.73]
[0;39m[31m2024-04-15 07:56:10,552[0;39m [32m[INFO][0;39m org.apache.catalina.core.ContainerBase.[Tomcat].[localhost].[/] restartedMain [32mInitializing Spring embedded WebApplicationContext
[0;39m[31m2024-04-15 07:56:10,552[0;39m [32m[INFO][0;39m org.springframework.boot.web.servlet.context.ServletWebServerApplicationContext restartedMain [32mRoot WebApplicationContext: initialization completed in 1749 ms
[0;39m[31m2024-04-15 07:56:10,855[0;39m [32m[INFO][0;39m org.springframework.security.web.DefaultSecurityFilterChain restartedMain [32mWill secure any request with [org.springframework.security.web.session.DisableEncodeUrlFilter@571c9df3, org.springframework.security.web.context.request.async.WebAsyncManagerIntegrationFilter@32e68b93, org.springframework.security.web.context.SecurityContextPersistenceFilter@7eac0c3d, org.springframework.security.web.header.HeaderWriterFilter@7336e17c, org.springframework.security.web.authentication.logout.LogoutFilter@34f4d52f, org.springframework.security.web.authentication.UsernamePasswordAuthenticationFilter@20ede104, org.springframework.security.web.authentication.ui.DefaultLoginPageGeneratingFilter@3f230db2, org.springframework.security.web.authentication.ui.DefaultLogoutPageGeneratingFilter@4f91c605, org.springframework.security.web.authentication.www.BasicAuthenticationFilter@66560fab, org.springframework.security.web.savedrequest.RequestCacheAwareFilter@59e2223e, org.springframework.security.web.servletapi.SecurityContextHolderAwareRequestFilter@54cf93e5, org.springframework.security.web.authentication.AnonymousAuthenticationFilter@6cba1cdb, org.springframework.security.web.session.SessionManagementFilter@3a827a35, org.springframework.security.web.access.ExceptionTranslationFilter@9774950, org.springframework.security.web.access.intercept.FilterSecurityInterceptor@5e7c27c]
[0;39m[31m2024-04-15 07:56:11,522[0;39m [32m[INFO][0;39m com.zaxxer.hikari.HikariDataSource restartedMain [32mHikariPool-1 - Starting...
[0;39m[31m2024-04-15 07:56:11,524[0;39m [32m[WARN][0;39m com.zaxxer.hikari.util.DriverDataSource restartedMain [32mRegistered driver with driverClassName=oracle.jdbc.driver.OracleDriver was not found, trying direct instantiation.
[0;39m[31m2024-04-15 07:56:11,648[0;39m [32m[INFO][0;39m com.zaxxer.hikari.pool.PoolBase restartedMain [32mHikariPool-1 - Driver does not support get/set network timeout for connections. (oracle.jdbc.driver.T4CConnection.getNetworkTimeout()I)
[0;39m[31m2024-04-15 07:56:11,648[0;39m [32m[INFO][0;39m com.zaxxer.hikari.HikariDataSource restartedMain [32mHikariPool-1 - Start completed.
[0;39m[31m2024-04-15 07:56:11,785[0;39m [32m[INFO][0;39m org.springframework.boot.devtools.autoconfigure.OptionalLiveReloadServer restartedMain [32mLiveReload server is running on port 35729
[0;39m[31m2024-04-15 07:56:11,828[0;39m [32m[INFO][0;39m org.springframework.boot.web.embedded.tomcat.TomcatWebServer restartedMain [32mTomcat started on port(s): 8082 (http) with context path ''
[0;39m[31m2024-04-15 07:56:11,840[0;39m [32m[INFO][0;39m com.payment.webservice.WebserviceApplication restartedMain [32mStarted WebserviceApplication in 3.564 seconds (JVM running for 4.43)
[0;39m[31m2024-04-15 07:56:16,553[0;39m [32m[INFO][0;39m org.apache.catalina.core.ContainerBase.[Tomcat].[localhost].[/] http-nio-8082-exec-1 [32mInitializing Spring DispatcherServlet 'dispatcherServlet'
[0;39m[31m2024-04-15 07:56:16,553[0;39m [32m[INFO][0;39m org.springframework.web.servlet.DispatcherServlet http-nio-8082-exec-1 [32mInitializing Servlet 'dispatcherServlet'
[0;39m[31m2024-04-15 07:56:16,553[0;39m [32m[INFO][0;39m org.springframework.web.servlet.DispatcherServlet http-nio-8082-exec-1 [32mCompleted initialization in 0 ms
[0;39m[31m2024-04-15 07:56:17,171[0;39m [32m[WARN][0;39m com.paymentdao.payment.service.PaymentTransferImplementation http-nio-8082-exec-1 [32mFailed to delete the payee
[0;39m[31m2024-04-15 07:56:17,179[0;39m [32m[WARN][0;39m com.payment.webservice.restservices.PayeeController http-nio-8082-exec-1 [32mFailed to delete the payee
[0;39m[31m2024-04-15 07:56:53,252[0;39m [32m[INFO][0;39m org.springframework.boot.devtools.autoconfigure.LocalDevToolsAutoConfiguration$RestartingClassPathChangeChangedEventListener File Watcher [32mRestarting due to 28 class path changes (0 additions, 28 deletions, 0 modifications)
[0;39m[31m2024-04-15 07:56:53,883[0;39m [32m[INFO][0;39m org.apache.catalina.core.StandardService Thread-15 [32mStopping service [Tomcat]
[0;39m[31m2024-04-15 07:56:53,883[0;39m [32m[INFO][0;39m org.apache.catalina.core.ContainerBase.[Tomcat].[localhost].[/] Thread-15 [32mDestroying Spring FrameworkServlet 'dispatcherServlet'
[0;39m[31m2024-04-15 07:56:53,921[0;39m [32m[INFO][0;39m com.zaxxer.hikari.HikariDataSource Thread-15 [32mHikariPool-1 - Shutdown initiated...
[0;39m[31m2024-04-15 07:56:53,935[0;39m [32m[INFO][0;39m com.zaxxer.hikari.HikariDataSource Thread-15 [32mHikariPool-1 - Shutdown completed.
[0;39m[31m2024-04-15 07:56:59,940[0;39m [32m[INFO][0;39m com.payment.webservice.WebserviceApplication restartedMain [32mStarting WebserviceApplication using Java 1.8.0_292 on WPF45CTT7 with PID 2656 (C:\DLTE-JAVA-FULL-STACK-ARUNDHATHI-NAYAK-2024\PROJECT\PAYMENT_WEBSERVICES\target\classes started by xxnayaka in C:\DLTE-JAVA-FULL-STACK-ARUNDHATHI-NAYAK-2024\PROJECT\PAYMENT_WEBSERVICES)
[0;39m[31m2024-04-15 07:56:59,940[0;39m [32m[INFO][0;39m com.payment.webservice.WebserviceApplication restartedMain [32mNo active profile set, falling back to 1 default profile: "default"
[0;39m[31m2024-04-15 07:57:00,700[0;39m [32m[INFO][0;39m org.springframework.data.repository.config.RepositoryConfigurationDelegate restartedMain [32mBootstrapping Spring Data JDBC repositories in DEFAULT mode.
[0;39m[31m2024-04-15 07:57:00,701[0;39m [32m[INFO][0;39m org.springframework.data.repository.config.RepositoryConfigurationDelegate restartedMain [32mFinished Spring Data repository scanning in 13 ms. Found 0 JDBC repository interfaces.
[0;39m[31m2024-04-15 07:57:00,821[0;39m [32m[INFO][0;39m org.springframework.context.support.PostProcessorRegistrationDelegate$BeanPostProcessorChecker restartedMain [32mBean 'org.springframework.ws.config.annotation.DelegatingWsConfiguration' of type [org.springframework.ws.config.annotation.DelegatingWsConfiguration$$EnhancerBySpringCGLIB$$9fb5f85a] is not eligible for getting processed by all BeanPostProcessors (for example: not eligible for auto-proxying)
[0;39m[31m2024-04-15 07:57:00,829[0;39m [32m[INFO][0;39m org.springframework.ws.soap.addressing.server.AnnotationActionEndpointMapping restartedMain [32mSupporting [WS-Addressing August 2004, WS-Addressing 1.0]
[0;39m[31m2024-04-15 07:57:00,908[0;39m [32m[INFO][0;39m org.springframework.boot.web.embedded.tomcat.TomcatWebServer restartedMain [32mTomcat initialized with port(s): 8082 (http)
[0;39m[31m2024-04-15 07:57:00,908[0;39m [32m[INFO][0;39m org.apache.catalina.core.StandardService restartedMain [32mStarting service [Tomcat]
[0;39m[31m2024-04-15 07:57:00,908[0;39m [32m[INFO][0;39m org.apache.catalina.core.StandardEngine restartedMain [32mStarting Servlet engine: [Apache Tomcat/9.0.73]
[0;39m[31m2024-04-15 07:57:00,940[0;39m [32m[INFO][0;39m org.apache.catalina.core.ContainerBase.[Tomcat-1].[localhost].[/] restartedMain [32mInitializing Spring embedded WebApplicationContext
[0;39m[31m2024-04-15 07:57:00,940[0;39m [32m[INFO][0;39m org.springframework.boot.web.servlet.context.ServletWebServerApplicationContext restartedMain [32mRoot WebApplicationContext: initialization completed in 995 ms
[0;39m[31m2024-04-15 07:57:01,068[0;39m [32m[INFO][0;39m org.springframework.security.web.DefaultSecurityFilterChain restartedMain [32mWill secure any request with [org.springframework.security.web.session.DisableEncodeUrlFilter@580d29b2, org.springframework.security.web.context.request.async.WebAsyncManagerIntegrationFilter@6abf34d2, org.springframework.security.web.context.SecurityContextPersistenceFilter@8866963, org.springframework.security.web.header.HeaderWriterFilter@fdb1a99, org.springframework.security.web.authentication.logout.LogoutFilter@715c1a83, org.springframework.security.web.authentication.UsernamePasswordAuthenticationFilter@15b37e50, org.springframework.security.web.authentication.ui.DefaultLoginPageGeneratingFilter@177f519, org.springframework.security.web.authentication.ui.DefaultLogoutPageGeneratingFilter@2b47b81a, org.springframework.security.web.authentication.www.BasicAuthenticationFilter@2bd2890e, org.springframework.security.web.savedrequest.RequestCacheAwareFilter@70876234, org.springframework.security.web.servletapi.SecurityContextHolderAwareRequestFilter@27dfb16f, org.springframework.security.web.authentication.AnonymousAuthenticationFilter@78ae8c0e, org.springframework.security.web.session.SessionManagementFilter@403cd643, org.springframework.security.web.access.ExceptionTranslationFilter@7ee0d334, org.springframework.security.web.access.intercept.FilterSecurityInterceptor@7ea5a3e7]
[0;39m[31m2024-04-15 07:57:01,594[0;39m [32m[INFO][0;39m com.zaxxer.hikari.HikariDataSource restartedMain [32mHikariPool-2 - Starting...
[0;39m[31m2024-04-15 07:57:01,594[0;39m [32m[WARN][0;39m com.zaxxer.hikari.util.DriverDataSource restartedMain [32mRegistered driver with driverClassName=oracle.jdbc.driver.OracleDriver was not found, trying direct instantiation.
[0;39m[31m2024-04-15 07:57:01,647[0;39m [32m[INFO][0;39m com.zaxxer.hikari.pool.PoolBase restartedMain [32mHikariPool-2 - Driver does not support get/set network timeout for connections. (oracle.jdbc.driver.T4CConnection.getNetworkTimeout()I)
[0;39m[31m2024-04-15 07:57:01,649[0;39m [32m[INFO][0;39m com.zaxxer.hikari.HikariDataSource restartedMain [32mHikariPool-2 - Start completed.
[0;39m[31m2024-04-15 07:57:01,677[0;39m [32m[INFO][0;39m org.springframework.boot.devtools.autoconfigure.OptionalLiveReloadServer restartedMain [32mLiveReload server is running on port 35729
[0;39m[31m2024-04-15 07:57:01,710[0;39m [32m[INFO][0;39m org.springframework.boot.web.embedded.tomcat.TomcatWebServer restartedMain [32mTomcat started on port(s): 8082 (http) with context path ''
[0;39m[31m2024-04-15 07:57:01,720[0;39m [32m[INFO][0;39m com.payment.webservice.WebserviceApplication restartedMain [32mStarted WebserviceApplication in 1.849 seconds (JVM running for 54.313)
[0;39m[31m2024-04-15 07:57:01,720[0;39m [32m[INFO][0;39m org.springframework.boot.devtools.autoconfigure.ConditionEvaluationDeltaLoggingListener restartedMain [32mCondition evaluation unchanged
[0;39m[31m2024-04-15 07:58:13,393[0;39m [32m[INFO][0;39m com.payment.webservice.WebserviceApplication restartedMain [32mStarting WebserviceApplication using Java 1.8.0_292 on WPF45CTT7 with PID 13304 (C:\DLTE-JAVA-FULL-STACK-ARUNDHATHI-NAYAK-2024\PROJECT\PAYMENT_WEBSERVICES\target\classes started by xxnayaka in C:\DLTE-JAVA-FULL-STACK-ARUNDHATHI-NAYAK-2024\PROJECT\PAYMENT_WEBSERVICES)
[0;39m[31m2024-04-15 07:58:13,393[0;39m [32m[INFO][0;39m com.payment.webservice.WebserviceApplication restartedMain [32mNo active profile set, falling back to 1 default profile: "default"
[0;39m[31m2024-04-15 07:58:13,448[0;39m [32m[INFO][0;39m org.springframework.boot.devtools.restart.ChangeableUrls restartedMain [32mThe Class-Path manifest attribute in C:\tools\maven_repo\repository\com\oracle\database\security\oraclepki\21.5.0.0\oraclepki-21.5.0.0.jar referenced one or more files that do not exist: file:/C:/tools/maven_repo/repository/com/oracle/database/security/oraclepki/21.5.0.0/osdt_core.jar,file:/C:/tools/maven_repo/repository/com/oracle/database/security/oraclepki/21.5.0.0/osdt_cert.jar,file:/C:/tools/maven_repo/repository/com/oracle/database/security/oraclepki/oracle.osdt/osdt_core.jar,file:/C:/tools/maven_repo/repository/com/oracle/database/security/oraclepki/oracle.osdt/osdt_cert.jar
[0;39m[31m2024-04-15 07:58:13,448[0;39m [32m[INFO][0;39m org.springframework.boot.devtools.env.DevToolsPropertyDefaultsPostProcessor restartedMain [32mDevtools property defaults active! Set 'spring.devtools.add-properties' to 'false' to disable
[0;39m[31m2024-04-15 07:58:13,448[0;39m [32m[INFO][0;39m org.springframework.boot.devtools.env.DevToolsPropertyDefaultsPostProcessor restartedMain [32mFor additional web related logging consider setting the 'logging.level.web' property to 'DEBUG'
[0;39m[31m2024-04-15 07:58:14,227[0;39m [32m[INFO][0;39m org.springframework.data.repository.config.RepositoryConfigurationDelegate restartedMain [32mBootstrapping Spring Data JDBC repositories in DEFAULT mode.
[0;39m[31m2024-04-15 07:58:14,244[0;39m [32m[INFO][0;39m org.springframework.data.repository.config.RepositoryConfigurationDelegate restartedMain [32mFinished Spring Data repository scanning in 12 ms. Found 0 JDBC repository interfaces.
[0;39m[31m2024-04-15 07:58:14,467[0;39m [32m[INFO][0;39m org.springframework.context.support.PostProcessorRegistrationDelegate$BeanPostProcessorChecker restartedMain [32mBean 'org.springframework.ws.config.annotation.DelegatingWsConfiguration' of type [org.springframework.ws.config.annotation.DelegatingWsConfiguration$$EnhancerBySpringCGLIB$$1ad8039] is not eligible for getting processed by all BeanPostProcessors (for example: not eligible for auto-proxying)
[0;39m[31m2024-04-15 07:58:14,504[0;39m [32m[INFO][0;39m org.springframework.ws.soap.addressing.server.AnnotationActionEndpointMapping restartedMain [32mSupporting [WS-Addressing August 2004, WS-Addressing 1.0]
[0;39m[31m2024-04-15 07:58:14,771[0;39m [32m[INFO][0;39m org.springframework.boot.web.embedded.tomcat.TomcatWebServer restartedMain [32mTomcat initialized with port(s): 8082 (http)
[0;39m[31m2024-04-15 07:58:14,771[0;39m [32m[INFO][0;39m org.apache.catalina.core.StandardService restartedMain [32mStarting service [Tomcat]
[0;39m[31m2024-04-15 07:58:14,771[0;39m [32m[INFO][0;39m org.apache.catalina.core.StandardEngine restartedMain [32mStarting Servlet engine: [Apache Tomcat/9.0.73]
[0;39m[31m2024-04-15 07:58:14,853[0;39m [32m[INFO][0;39m org.apache.catalina.core.ContainerBase.[Tomcat].[localhost].[/] restartedMain [32mInitializing Spring embedded WebApplicationContext
[0;39m[31m2024-04-15 07:58:14,853[0;39m [32m[INFO][0;39m org.springframework.boot.web.servlet.context.ServletWebServerApplicationContext restartedMain [32mRoot WebApplicationContext: initialization completed in 1405 ms
[0;39m[31m2024-04-15 07:58:15,152[0;39m [32m[INFO][0;39m org.springframework.security.web.DefaultSecurityFilterChain restartedMain [32mWill secure any request with [org.springframework.security.web.session.DisableEncodeUrlFilter@1c10483e, org.springframework.security.web.context.request.async.WebAsyncManagerIntegrationFilter@87bd27b, org.springframework.security.web.context.SecurityContextPersistenceFilter@50683516, org.springframework.security.web.header.HeaderWriterFilter@2ee71d89, org.springframework.security.web.authentication.logout.LogoutFilter@e634bc0, org.springframework.security.web.authentication.UsernamePasswordAuthenticationFilter@2ac2f8ee, org.springframework.security.web.authentication.ui.DefaultLoginPageGeneratingFilter@34f4d52f, org.springframework.security.web.authentication.ui.DefaultLogoutPageGeneratingFilter@43441d2, org.springframework.security.web.authentication.www.BasicAuthenticationFilter@359ec41b, org.springframework.security.web.savedrequest.RequestCacheAwareFilter@1e76193f, org.springframework.security.web.servletapi.SecurityContextHolderAwareRequestFilter@62276f5b, org.springframework.security.web.authentication.AnonymousAuthenticationFilter@2b9694e5, org.springframework.security.web.session.SessionManagementFilter@3f230db2, org.springframework.security.web.access.ExceptionTranslationFilter@54cf93e5, org.springframework.security.web.access.intercept.FilterSecurityInterceptor@6cba1cdb]
[0;39m[31m2024-04-15 07:58:15,741[0;39m [32m[INFO][0;39m com.zaxxer.hikari.HikariDataSource restartedMain [32mHikariPool-1 - Starting...
[0;39m[31m2024-04-15 07:58:15,741[0;39m [32m[WARN][0;39m com.zaxxer.hikari.util.DriverDataSource restartedMain [32mRegistered driver with driverClassName=oracle.jdbc.driver.OracleDriver was not found, trying direct instantiation.
[0;39m[31m2024-04-15 07:58:15,868[0;39m [32m[INFO][0;39m com.zaxxer.hikari.pool.PoolBase restartedMain [32mHikariPool-1 - Driver does not support get/set network timeout for connections. (oracle.jdbc.driver.T4CConnection.getNetworkTimeout()I)
[0;39m[31m2024-04-15 07:58:15,881[0;39m [32m[INFO][0;39m com.zaxxer.hikari.HikariDataSource restartedMain [32mHikariPool-1 - Start completed.
[0;39m[31m2024-04-15 07:58:15,981[0;39m [32m[INFO][0;39m org.springframework.boot.devtools.autoconfigure.OptionalLiveReloadServer restartedMain [32mLiveReload server is running on port 35729
[0;39m[31m2024-04-15 07:58:16,012[0;39m [32m[INFO][0;39m org.springframework.boot.web.embedded.tomcat.TomcatWebServer restartedMain [32mTomcat started on port(s): 8082 (http) with context path ''
[0;39m[31m2024-04-15 07:58:16,028[0;39m [32m[INFO][0;39m com.payment.webservice.WebserviceApplication restartedMain [32mStarted WebserviceApplication in 3.016 seconds (JVM running for 3.743)
[0;39m[31m2024-04-15 07:58:21,025[0;39m [32m[INFO][0;39m org.apache.catalina.core.ContainerBase.[Tomcat].[localhost].[/] http-nio-8082-exec-2 [32mInitializing Spring MessageDispatcherServlet 'messageDispatcherServlet'
[0;39m[31m2024-04-15 07:58:21,027[0;39m [32m[INFO][0;39m org.springframework.ws.transport.http.MessageDispatcherServlet http-nio-8082-exec-2 [32mInitializing Servlet 'messageDispatcherServlet'
[0;39m[31m2024-04-15 07:58:21,028[0;39m [32m[INFO][0;39m org.springframework.ws.soap.saaj.SaajSoapMessageFactory http-nio-8082-exec-2 [32mCreating SAAJ 1.3 MessageFactory with SOAP 1.1 Protocol
[0;39m[31m2024-04-15 07:58:21,036[0;39m [32m[INFO][0;39m org.springframework.ws.transport.http.MessageDispatcherServlet http-nio-8082-exec-2 [32mCompleted initialization in 9 ms
[0;39m[31m2024-04-15 07:58:21,061[0;39m [32m[INFO][0;39m org.apache.catalina.core.ContainerBase.[Tomcat].[localhost].[/] http-nio-8082-exec-2 [32mInitializing Spring DispatcherServlet 'dispatcherServlet'
[0;39m[31m2024-04-15 07:58:21,061[0;39m [32m[INFO][0;39m org.springframework.web.servlet.DispatcherServlet http-nio-8082-exec-2 [32mInitializing Servlet 'dispatcherServlet'
[0;39m[31m2024-04-15 07:58:21,061[0;39m [32m[INFO][0;39m org.springframework.web.servlet.DispatcherServlet http-nio-8082-exec-2 [32mCompleted initialization in 0 ms
[0;39m[31m2024-04-15 07:59:02,225[0;39m [32m[INFO][0;39m com.paymentdao.payment.service.PaymentTransferImplementation http-nio-8082-exec-4 [32mPayee fetched successfully
[0;39m[31m2024-04-15 07:59:02,233[0;39m [32m[INFO][0;39m com.payment.webservice.soapconfig.SoapPhase http-nio-8082-exec-4 [32mPayee details for account number123456789123
[0;39m[31m2024-04-15 08:17:12,579[0;39m [32m[WARN][0;39m com.zaxxer.hikari.pool.HikariPool HikariPool-1 housekeeper [32mHikariPool-1 - Thread starvation or clock leap detected (housekeeper delta=17m56s568ms913µs200ns).
[0;39m[31m2024-04-15 08:45:56,882[0;39m [32m[WARN][0;39m com.zaxxer.hikari.pool.HikariPool HikariPool-1 housekeeper [32mHikariPool-1 - Thread starvation or clock leap detected (housekeeper delta=28m44s301ms976µs700ns).
[0;39m[31m2024-04-15 08:46:44,837[0;39m [32m[INFO][0;39m com.payment.webservice.WebserviceApplication restartedMain [32mStarting WebserviceApplication using Java 1.8.0_292 on WPF45CTT7 with PID 21496 (C:\DLTE-JAVA-FULL-STACK-ARUNDHATHI-NAYAK-2024\PROJECT\PAYMENT_WEBSERVICES\target\classes started by xxnayaka in C:\DLTE-JAVA-FULL-STACK-ARUNDHATHI-NAYAK-2024\PROJECT\PAYMENT_WEBSERVICES)
[0;39m[31m2024-04-15 08:46:44,837[0;39m [32m[INFO][0;39m com.payment.webservice.WebserviceApplication restartedMain [32mNo active profile set, falling back to 1 default profile: "default"
[0;39m[31m2024-04-15 08:46:44,904[0;39m [32m[INFO][0;39m org.springframework.boot.devtools.restart.ChangeableUrls restartedMain [32mThe Class-Path manifest attribute in C:\tools\maven_repo\repository\com\oracle\database\security\oraclepki\21.5.0.0\oraclepki-21.5.0.0.jar referenced one or more files that do not exist: file:/C:/tools/maven_repo/repository/com/oracle/database/security/oraclepki/21.5.0.0/osdt_core.jar,file:/C:/tools/maven_repo/repository/com/oracle/database/security/oraclepki/21.5.0.0/osdt_cert.jar,file:/C:/tools/maven_repo/repository/com/oracle/database/security/oraclepki/oracle.osdt/osdt_core.jar,file:/C:/tools/maven_repo/repository/com/oracle/database/security/oraclepki/oracle.osdt/osdt_cert.jar
[0;39m[31m2024-04-15 08:46:44,904[0;39m [32m[INFO][0;39m org.springframework.boot.devtools.env.DevToolsPropertyDefaultsPostProcessor restartedMain [32mDevtools property defaults active! Set 'spring.devtools.add-properties' to 'false' to disable
[0;39m[31m2024-04-15 08:46:44,904[0;39m [32m[INFO][0;39m org.springframework.boot.devtools.env.DevToolsPropertyDefaultsPostProcessor restartedMain [32mFor additional web related logging consider setting the 'logging.level.web' property to 'DEBUG'
[0;39m[31m2024-04-15 08:46:45,895[0;39m [32m[INFO][0;39m org.springframework.data.repository.config.RepositoryConfigurationDelegate restartedMain [32mBootstrapping Spring Data JDBC repositories in DEFAULT mode.
[0;39m[31m2024-04-15 08:46:45,905[0;39m [32m[INFO][0;39m org.springframework.data.repository.config.RepositoryConfigurationDelegate restartedMain [32mFinished Spring Data repository scanning in 10 ms. Found 0 JDBC repository interfaces.
[0;39m[31m2024-04-15 08:46:46,123[0;39m [32m[INFO][0;39m org.springframework.context.support.PostProcessorRegistrationDelegate$BeanPostProcessorChecker restartedMain [32mBean 'org.springframework.ws.config.annotation.DelegatingWsConfiguration' of type [org.springframework.ws.config.annotation.DelegatingWsConfiguration$$EnhancerBySpringCGLIB$$377640bb] is not eligible for getting processed by all BeanPostProcessors (for example: not eligible for auto-proxying)
[0;39m[31m2024-04-15 08:46:46,157[0;39m [32m[INFO][0;39m org.springframework.ws.soap.addressing.server.AnnotationActionEndpointMapping restartedMain [32mSupporting [WS-Addressing August 2004, WS-Addressing 1.0]
[0;39m[31m2024-04-15 08:46:46,458[0;39m [32m[INFO][0;39m org.springframework.boot.web.embedded.tomcat.TomcatWebServer restartedMain [32mTomcat initialized with port(s): 8082 (http)
[0;39m[31m2024-04-15 08:46:46,461[0;39m [32m[INFO][0;39m org.apache.catalina.core.StandardService restartedMain [32mStarting service [Tomcat]
[0;39m[31m2024-04-15 08:46:46,461[0;39m [32m[INFO][0;39m org.apache.catalina.core.StandardEngine restartedMain [32mStarting Servlet engine: [Apache Tomcat/9.0.73]
[0;39m[31m2024-04-15 08:46:46,571[0;39m [32m[INFO][0;39m org.apache.catalina.core.ContainerBase.[Tomcat].[localhost].[/] restartedMain [32mInitializing Spring embedded WebApplicationContext
[0;39m[31m2024-04-15 08:46:46,571[0;39m [32m[INFO][0;39m org.springframework.boot.web.servlet.context.ServletWebServerApplicationContext restartedMain [32mRoot WebApplicationContext: initialization completed in 1664 ms
[0;39m[31m2024-04-15 08:46:46,845[0;39m [32m[INFO][0;39m org.springframework.security.web.DefaultSecurityFilterChain restartedMain [32mWill secure any request with [org.springframework.security.web.session.DisableEncodeUrlFilter@59d96bdc, org.springframework.security.web.context.request.async.WebAsyncManagerIntegrationFilter@7b94e0d6, org.springframework.security.web.context.SecurityContextPersistenceFilter@9774950, org.springframework.security.web.header.HeaderWriterFilter@c265768, org.springframework.security.web.authentication.logout.LogoutFilter@1e76193f, org.springframework.security.web.authentication.UsernamePasswordAuthenticationFilter@4a10c303, org.springframework.security.web.authentication.ui.DefaultLoginPageGeneratingFilter@59e2223e, org.springframework.security.web.authentication.ui.DefaultLogoutPageGeneratingFilter@28931ccf, org.springframework.security.web.authentication.www.BasicAuthenticationFilter@790b06a, org.springframework.security.web.savedrequest.RequestCacheAwareFilter@51d39070, org.springframework.security.web.servletapi.SecurityContextHolderAwareRequestFilter@7336e17c, org.springframework.security.web.authentication.AnonymousAuthenticationFilter@13dccf83, org.springframework.security.web.session.SessionManagementFilter@738fe970, org.springframework.security.web.access.ExceptionTranslationFilter@6465e710, org.springframework.security.web.access.intercept.FilterSecurityInterceptor@3de40166]
[0;39m[31m2024-04-15 08:46:47,524[0;39m [32m[INFO][0;39m com.zaxxer.hikari.HikariDataSource restartedMain [32mHikariPool-1 - Starting...
[0;39m[31m2024-04-15 08:46:47,524[0;39m [32m[WARN][0;39m com.zaxxer.hikari.util.DriverDataSource restartedMain [32mRegistered driver with driverClassName=oracle.jdbc.driver.OracleDriver was not found, trying direct instantiation.
[0;39m[31m2024-04-15 08:46:47,619[0;39m [32m[INFO][0;39m com.zaxxer.hikari.pool.PoolBase restartedMain [32mHikariPool-1 - Driver does not support get/set network timeout for connections. (oracle.jdbc.driver.T4CConnection.getNetworkTimeout()I)
[0;39m[31m2024-04-15 08:46:47,619[0;39m [32m[INFO][0;39m com.zaxxer.hikari.HikariDataSource restartedMain [32mHikariPool-1 - Start completed.
[0;39m[31m2024-04-15 08:46:47,730[0;39m [32m[INFO][0;39m org.springframework.boot.devtools.autoconfigure.OptionalLiveReloadServer restartedMain [32mLiveReload server is running on port 35729
[0;39m[31m2024-04-15 08:46:47,778[0;39m [32m[INFO][0;39m org.springframework.boot.web.embedded.tomcat.TomcatWebServer restartedMain [32mTomcat started on port(s): 8082 (http) with context path ''
[0;39m[31m2024-04-15 08:46:47,784[0;39m [32m[INFO][0;39m com.payment.webservice.WebserviceApplication restartedMain [32mStarted WebserviceApplication in 3.368 seconds (JVM running for 4.111)
[0;39m[31m2024-04-15 08:47:02,622[0;39m [32m[INFO][0;39m org.apache.catalina.core.ContainerBase.[Tomcat].[localhost].[/] http-nio-8082-exec-1 [32mInitializing Spring MessageDispatcherServlet 'messageDispatcherServlet'
[0;39m[31m2024-04-15 08:47:02,622[0;39m [32m[INFO][0;39m org.springframework.ws.transport.http.MessageDispatcherServlet http-nio-8082-exec-1 [32mInitializing Servlet 'messageDispatcherServlet'
[0;39m[31m2024-04-15 08:47:02,628[0;39m [32m[INFO][0;39m org.springframework.ws.soap.saaj.SaajSoapMessageFactory http-nio-8082-exec-1 [32mCreating SAAJ 1.3 MessageFactory with SOAP 1.1 Protocol
[0;39m[31m2024-04-15 08:47:02,628[0;39m [32m[INFO][0;39m org.springframework.ws.transport.http.MessageDispatcherServlet http-nio-8082-exec-1 [32mCompleted initialization in 6 ms
[0;39m[31m2024-04-15 08:47:02,676[0;39m [32m[INFO][0;39m org.apache.catalina.core.ContainerBase.[Tomcat].[localhost].[/] http-nio-8082-exec-2 [32mInitializing Spring DispatcherServlet 'dispatcherServlet'
[0;39m[31m2024-04-15 08:47:02,680[0;39m [32m[INFO][0;39m org.springframework.web.servlet.DispatcherServlet http-nio-8082-exec-2 [32mInitializing Servlet 'dispatcherServlet'
[0;39m[31m2024-04-15 08:47:02,682[0;39m [32m[INFO][0;39m org.springframework.web.servlet.DispatcherServlet http-nio-8082-exec-2 [32mCompleted initialization in 2 ms
[0;39m[31m2024-04-15 08:47:12,431[0;39m [32m[INFO][0;39m com.payment.webservice.security.MyBankOfficialsService http-nio-8082-exec-3 [32mAttempts are updated
[0;39m[31m2024-04-15 08:47:12,431[0;39m [32m[WARN][0;39m com.payment.webservice.security.OfficialsFailureHandler http-nio-8082-exec-3 [32mInvalid credentials and attempts taken
[0;39m[31m2024-04-15 08:47:27,740[0;39m [32m[INFO][0;39m com.payment.webservice.security.MyBankOfficialsService http-nio-8082-exec-6 [32mAttempts are updated
[0;39m[31m2024-04-15 08:47:27,740[0;39m [32m[WARN][0;39m com.payment.webservice.security.OfficialsFailureHandler http-nio-8082-exec-6 [32mInvalid credentials and attempts taken
[0;39m[31m2024-04-15 08:47:39,241[0;39m [32m[INFO][0;39m com.payment.webservice.security.MyBankOfficialsService http-nio-8082-exec-9 [32mStatus has changed
[0;39m[31m2024-04-15 08:47:39,242[0;39m [32m[WARN][0;39m com.payment.webservice.security.OfficialsFailureHandler http-nio-8082-exec-9 [32mMax Attempts reached account is suspended
[0;39m[31m2024-04-15 08:47:50,730[0;39m [32m[WARN][0;39m com.payment.webservice.security.OfficialsFailureHandler http-nio-8082-exec-2 [32mAccount suspended contact admin to redeem
[0;39m