[31m2024-04-14 17:23:20,631[0;39m [32m[INFO][0;39m com.payment.webservice.WebserviceApplication restartedMain [32mStarting WebserviceApplication using Java 1.8.0_292 on WPF45CTT7 with PID 26264 (started by xxnayaka in C:\DLTE-JAVA-FULL-STACK-ARUNDHATHI-NAYAK-2024\PROJECT\PAYMENT_WEBSERVICES)
[0;39m[31m2024-04-14 17:23:20,631[0;39m [32m[INFO][0;39m com.payment.webservice.WebserviceApplication restartedMain [32mNo active profile set, falling back to 1 default profile: "default"
[0;39m[31m2024-04-14 17:23:21,156[0;39m [32m[INFO][0;39m org.springframework.data.repository.config.RepositoryConfigurationDelegate restartedMain [32mBootstrapping Spring Data JDBC repositories in DEFAULT mode.
[0;39m[31m2024-04-14 17:23:21,165[0;39m [32m[INFO][0;39m org.springframework.data.repository.config.RepositoryConfigurationDelegate restartedMain [32mFinished Spring Data repository scanning in 1 ms. Found 0 JDBC repository interfaces.
[0;39m[31m2024-04-14 17:23:21,252[0;39m [32m[INFO][0;39m org.springframework.context.support.PostProcessorRegistrationDelegate$BeanPostProcessorChecker restartedMain [32mBean 'org.springframework.ws.config.annotation.DelegatingWsConfiguration' of type [org.springframework.ws.config.annotation.DelegatingWsConfiguration$$EnhancerBySpringCGLIB$$d701bb83] is not eligible for getting processed by all BeanPostProcessors (for example: not eligible for auto-proxying)
[0;39m[31m2024-04-14 17:23:21,266[0;39m [32m[INFO][0;39m org.springframework.ws.soap.addressing.server.AnnotationActionEndpointMapping restartedMain [32mSupporting [WS-Addressing August 2004, WS-Addressing 1.0]
[0;39m[31m2024-04-14 17:23:21,348[0;39m [32m[INFO][0;39m org.springframework.boot.web.embedded.tomcat.TomcatWebServer restartedMain [32mTomcat initialized with port(s): 8082 (http)
[0;39m[31m2024-04-14 17:23:21,348[0;39m [32m[INFO][0;39m org.apache.catalina.core.StandardService restartedMain [32mStarting service [Tomcat]
[0;39m[31m2024-04-14 17:23:21,348[0;39m [32m[INFO][0;39m org.apache.catalina.core.StandardEngine restartedMain [32mStarting Servlet engine: [Apache Tomcat/9.0.73]
[0;39m[31m2024-04-14 17:23:21,380[0;39m [32m[INFO][0;39m org.apache.catalina.core.ContainerBase.[Tomcat].[localhost].[/] restartedMain [32mInitializing Spring embedded WebApplicationContext
[0;39m[31m2024-04-14 17:23:21,380[0;39m [32m[INFO][0;39m org.springframework.boot.web.servlet.context.ServletWebServerApplicationContext restartedMain [32mRoot WebApplicationContext: initialization completed in 749 ms
[0;39m[31m2024-04-14 17:23:24,871[0;39m [32m[INFO][0;39m com.zaxxer.hikari.HikariDataSource restartedMain [32mHikariPool-2 - Starting...
[0;39m[31m2024-04-14 17:23:24,871[0;39m [32m[WARN][0;39m com.zaxxer.hikari.util.DriverDataSource restartedMain [32mRegistered driver with driverClassName=oracle.jdbc.driver.OracleDriver was not found, trying direct instantiation.
[0;39m[31m2024-04-14 17:23:24,926[0;39m [32m[INFO][0;39m com.zaxxer.hikari.pool.PoolBase restartedMain [32mHikariPool-2 - Driver does not support get/set network timeout for connections. (oracle.jdbc.driver.T4CConnection.getNetworkTimeout()I)
[0;39m[31m2024-04-14 17:23:24,935[0;39m [32m[INFO][0;39m com.zaxxer.hikari.HikariDataSource restartedMain [32mHikariPool-2 - Start completed.
[0;39m[31m2024-04-14 17:23:25,006[0;39m [32m[WARN][0;39m org.springframework.boot.autoconfigure.security.servlet.UserDetailsServiceAutoConfiguration restartedMain [32m

Using generated security password: 9bed6d92-3f63-4cf5-9a3c-6bcb88138249

This generated password is for development use only. Your security configuration must be updated before running your application in production.

[0;39m[31m2024-04-14 17:23:25,066[0;39m [32m[INFO][0;39m org.springframework.security.web.DefaultSecurityFilterChain restartedMain [32mWill secure any request with [org.springframework.security.web.session.DisableEncodeUrlFilter@1172d523, org.springframework.security.web.context.request.async.WebAsyncManagerIntegrationFilter@76f9bd77, org.springframework.security.web.context.SecurityContextPersistenceFilter@4226dae0, org.springframework.security.web.header.HeaderWriterFilter@526d0cb8, org.springframework.security.web.csrf.CsrfFilter@47a3f5b, org.springframework.security.web.authentication.logout.LogoutFilter@75420c87, org.springframework.security.web.authentication.UsernamePasswordAuthenticationFilter@338bb515, org.springframework.security.web.authentication.ui.DefaultLoginPageGeneratingFilter@7cdbb780, org.springframework.security.web.authentication.ui.DefaultLogoutPageGeneratingFilter@18b48da0, org.springframework.security.web.authentication.www.BasicAuthenticationFilter@b2b1ca1, org.springframework.security.web.savedrequest.RequestCacheAwareFilter@29fefd2, org.springframework.security.web.servletapi.SecurityContextHolderAwareRequestFilter@38ad2bf5, org.springframework.security.web.authentication.AnonymousAuthenticationFilter@4b295403, org.springframework.security.web.session.SessionManagementFilter@7b86149, org.springframework.security.web.access.ExceptionTranslationFilter@225c54b2, org.springframework.security.web.access.intercept.FilterSecurityInterceptor@1cdf766c]
[0;39m[31m2024-04-14 17:23:25,142[0;39m [32m[INFO][0;39m org.springframework.boot.devtools.autoconfigure.OptionalLiveReloadServer restartedMain [32mLiveReload server is running on port 35729
[0;39m[31m2024-04-14 17:23:25,209[0;39m [32m[INFO][0;39m org.springframework.boot.web.embedded.tomcat.TomcatWebServer restartedMain [32mTomcat started on port(s): 8082 (http) with context path ''
[0;39m[31m2024-04-14 17:23:25,237[0;39m [32m[INFO][0;39m com.payment.webservice.WebserviceApplication restartedMain [32mStarted WebserviceApplication in 4.667 seconds (JVM running for 426.752)
[0;39m[31m2024-04-14 17:23:41,976[0;39m [32m[INFO][0;39m org.springframework.boot.devtools.autoconfigure.LocalDevToolsAutoConfiguration$RestartingClassPathChangeChangedEventListener File Watcher [32mRestarting due to 3 class path changes (3 additions, 0 deletions, 0 modifications)
[0;39m[31m2024-04-14 17:23:42,086[0;39m [32m[INFO][0;39m org.apache.catalina.core.StandardService Thread-22 [32mStopping service [Tomcat]
[0;39m[31m2024-04-14 17:23:42,091[0;39m [32m[INFO][0;39m com.zaxxer.hikari.HikariDataSource Thread-22 [32mHikariPool-2 - Shutdown initiated...
[0;39m[31m2024-04-14 17:23:42,105[0;39m [32m[INFO][0;39m com.zaxxer.hikari.HikariDataSource Thread-22 [32mHikariPool-2 - Shutdown completed.
[0;39m