[31m2024-04-17 17:21:50,029[0;39m [32m[INFO][0;39m com.dao.review.ReviewApplication restartedMain [32mStarting ReviewApplication using Java 1.8.0_292 on WPF45CTT7 with PID 27436 (C:\DLTE-JAVA-FULL-STACK-ARUNDHATHI-NAYAK-2024\DLTE-JAVA\EmployeeReview\DAOREVIEW\target\classes started by xxnayaka in C:\DLTE-JAVA-FULL-STACK-ARUNDHATHI-NAYAK-2024\DLTE-JAVA\EmployeeReview\DAOREVIEW)
[0;39m[31m2024-04-17 17:21:50,037[0;39m [32m[INFO][0;39m com.dao.review.ReviewApplication restartedMain [32mNo active profile set, falling back to 1 default profile: "default"
[0;39m[31m2024-04-17 17:21:50,088[0;39m [32m[INFO][0;39m org.springframework.boot.devtools.restart.ChangeableUrls restartedMain [32mThe Class-Path manifest attribute in C:\tools\maven_repo\repository\com\oracle\database\security\oraclepki\21.5.0.0\oraclepki-21.5.0.0.jar referenced one or more files that do not exist: file:/C:/tools/maven_repo/repository/com/oracle/database/security/oraclepki/21.5.0.0/osdt_core.jar,file:/C:/tools/maven_repo/repository/com/oracle/database/security/oraclepki/21.5.0.0/osdt_cert.jar,file:/C:/tools/maven_repo/repository/com/oracle/database/security/oraclepki/oracle.osdt/osdt_core.jar,file:/C:/tools/maven_repo/repository/com/oracle/database/security/oraclepki/oracle.osdt/osdt_cert.jar
[0;39m[31m2024-04-17 17:21:50,089[0;39m [32m[INFO][0;39m org.springframework.boot.devtools.env.DevToolsPropertyDefaultsPostProcessor restartedMain [32mDevtools property defaults active! Set 'spring.devtools.add-properties' to 'false' to disable
[0;39m[31m2024-04-17 17:21:50,089[0;39m [32m[INFO][0;39m org.springframework.boot.devtools.env.DevToolsPropertyDefaultsPostProcessor restartedMain [32mFor additional web related logging consider setting the 'logging.level.web' property to 'DEBUG'
[0;39m[31m2024-04-17 17:21:50,689[0;39m [32m[INFO][0;39m org.springframework.data.repository.config.RepositoryConfigurationDelegate restartedMain [32mBootstrapping Spring Data JDBC repositories in DEFAULT mode.
[0;39m[31m2024-04-17 17:21:50,689[0;39m [32m[INFO][0;39m org.springframework.data.repository.config.RepositoryConfigurationDelegate restartedMain [32mFinished Spring Data repository scanning in 7 ms. Found 0 JDBC repository interfaces.
[0;39m[31m2024-04-17 17:21:50,973[0;39m [32m[INFO][0;39m org.springframework.context.support.PostProcessorRegistrationDelegate$BeanPostProcessorChecker restartedMain [32mBean 'org.springframework.ws.config.annotation.DelegatingWsConfiguration' of type [org.springframework.ws.config.annotation.DelegatingWsConfiguration$$EnhancerBySpringCGLIB$$68be5d99] is not eligible for getting processed by all BeanPostProcessors (for example: not eligible for auto-proxying)
[0;39m[31m2024-04-17 17:21:51,052[0;39m [32m[INFO][0;39m org.springframework.ws.soap.addressing.server.AnnotationActionEndpointMapping restartedMain [32mSupporting [WS-Addressing August 2004, WS-Addressing 1.0]
[0;39m[31m2024-04-17 17:21:51,356[0;39m [32m[INFO][0;39m org.springframework.boot.web.embedded.tomcat.TomcatWebServer restartedMain [32mTomcat initialized with port(s): 8082 (http)
[0;39m[31m2024-04-17 17:21:51,356[0;39m [32m[INFO][0;39m org.apache.catalina.core.StandardService restartedMain [32mStarting service [Tomcat]
[0;39m[31m2024-04-17 17:21:51,356[0;39m [32m[INFO][0;39m org.apache.catalina.core.StandardEngine restartedMain [32mStarting Servlet engine: [Apache Tomcat/9.0.73]
[0;39m[31m2024-04-17 17:21:51,435[0;39m [32m[INFO][0;39m org.apache.catalina.core.ContainerBase.[Tomcat].[localhost].[/] restartedMain [32mInitializing Spring embedded WebApplicationContext
[0;39m[31m2024-04-17 17:21:51,435[0;39m [32m[INFO][0;39m org.springframework.boot.web.servlet.context.ServletWebServerApplicationContext restartedMain [32mRoot WebApplicationContext: initialization completed in 1345 ms
[0;39m[31m2024-04-17 17:21:51,858[0;39m [32m[INFO][0;39m com.zaxxer.hikari.HikariDataSource restartedMain [32mHikariPool-1 - Starting...
[0;39m[31m2024-04-17 17:21:51,858[0;39m [32m[WARN][0;39m com.zaxxer.hikari.util.DriverDataSource restartedMain [32mRegistered driver with driverClassName=oracle.jdbc.driver.OracleDriver was not found, trying direct instantiation.
[0;39m[31m2024-04-17 17:21:51,931[0;39m [32m[INFO][0;39m com.zaxxer.hikari.pool.PoolBase restartedMain [32mHikariPool-1 - Driver does not support get/set network timeout for connections. (oracle.jdbc.driver.T4CConnection.getNetworkTimeout()I)
[0;39m[31m2024-04-17 17:21:51,931[0;39m [32m[INFO][0;39m com.zaxxer.hikari.HikariDataSource restartedMain [32mHikariPool-1 - Start completed.
[0;39m[31m2024-04-17 17:21:52,027[0;39m [32m[INFO][0;39m org.springframework.boot.devtools.autoconfigure.OptionalLiveReloadServer restartedMain [32mLiveReload server is running on port 35729
[0;39m[31m2024-04-17 17:21:52,061[0;39m [32m[INFO][0;39m org.springframework.boot.web.embedded.tomcat.TomcatWebServer restartedMain [32mTomcat started on port(s): 8082 (http) with context path ''
[0;39m[31m2024-04-17 17:21:52,081[0;39m [32m[INFO][0;39m com.dao.review.ReviewApplication restartedMain [32mStarted ReviewApplication in 2.49 seconds (JVM running for 3.254)
[0;39m[31m2024-04-17 17:22:01,203[0;39m [32m[INFO][0;39m org.apache.catalina.core.ContainerBase.[Tomcat].[localhost].[/] http-nio-8082-exec-2 [32mInitializing Spring DispatcherServlet 'dispatcherServlet'
[0;39m[31m2024-04-17 17:22:01,203[0;39m [32m[INFO][0;39m org.springframework.web.servlet.DispatcherServlet http-nio-8082-exec-2 [32mInitializing Servlet 'dispatcherServlet'
[0;39m[31m2024-04-17 17:22:01,203[0;39m [32m[INFO][0;39m org.springframework.web.servlet.DispatcherServlet http-nio-8082-exec-2 [32mCompleted initialization in 0 ms
[0;39m