[31m2024-05-07 09:01:22,609[0;39m [32m[INFO][0;39m com.paymentdao.payment.DeletePayeeTest main [32mStarting DeletePayeeTest using Java 1.8.0_292 on WPF45CTT7 with PID 16792 (started by xxnayaka in C:\DLTE-JAVA-FULL-STACK-ARUNDHATHI-NAYAK-2024\PROJECT\PAYMENT_DAO)
[0;39m[31m2024-05-07 09:01:22,613[0;39m [32m[INFO][0;39m com.paymentdao.payment.DeletePayeeTest main [32mNo active profile set, falling back to 1 default profile: "default"
[0;39m[31m2024-05-07 09:01:23,190[0;39m [32m[INFO][0;39m org.springframework.data.repository.config.RepositoryConfigurationDelegate main [32mBootstrapping Spring Data JDBC repositories in DEFAULT mode.
[0;39m[31m2024-05-07 09:01:23,244[0;39m [32m[INFO][0;39m org.springframework.data.repository.config.RepositoryConfigurationDelegate main [32mFinished Spring Data repository scanning in 16 ms. Found 0 JDBC repository interfaces.
[0;39m[31m2024-05-07 09:01:23,881[0;39m [32m[INFO][0;39m com.zaxxer.hikari.HikariDataSource main [32mHikariPool-1 - Starting...
[0;39m[31m2024-05-07 09:01:23,881[0;39m [32m[WARN][0;39m com.zaxxer.hikari.util.DriverDataSource main [32mRegistered driver with driverClassName=oracle.jdbc.driver.OracleDriver was not found, trying direct instantiation.
[0;39m[31m2024-05-07 09:01:24,213[0;39m [32m[INFO][0;39m com.zaxxer.hikari.pool.PoolBase main [32mHikariPool-1 - Driver does not support get/set network timeout for connections. (oracle.jdbc.driver.T4CConnection.getNetworkTimeout()I)
[0;39m[31m2024-05-07 09:01:24,216[0;39m [32m[INFO][0;39m com.zaxxer.hikari.HikariDataSource main [32mHikariPool-1 - Start completed.
[0;39m[31m2024-05-07 09:01:24,501[0;39m [32m[INFO][0;39m com.paymentdao.payment.DeletePayeeTest main [32mStarted DeletePayeeTest in 2.19 seconds (JVM running for 4.034)
[0;39m[31m2024-05-07 09:01:24,766[0;39m [32m[INFO][0;39m org.springframework.boot.test.context.SpringBootTestContextBootstrapper main [32mNeither @ContextConfiguration nor @ContextHierarchy found for test class [com.paymentdao.payment.PaymentApplicationTests], using SpringBootContextLoader
[0;39m[31m2024-05-07 09:01:24,766[0;39m [32m[INFO][0;39m org.springframework.test.context.support.AbstractContextLoader main [32mCould not detect default resource locations for test class [com.paymentdao.payment.PaymentApplicationTests]: no resource found for suffixes {-context.xml, Context.groovy}.
[0;39m[31m2024-05-07 09:01:24,766[0;39m [32m[INFO][0;39m org.springframework.test.context.support.AnnotationConfigContextLoaderUtils main [32mCould not detect default configuration classes for test class [com.paymentdao.payment.PaymentApplicationTests]: PaymentApplicationTests does not declare any static, non-private, non-final, nested classes annotated with @Configuration.
[0;39m[31m2024-05-07 09:01:24,766[0;39m [32m[INFO][0;39m org.springframework.boot.test.context.SpringBootTestContextBootstrapper main [32mFound @SpringBootConfiguration com.paymentdao.payment.PaymentApplication for test class com.paymentdao.payment.PaymentApplicationTests
[0;39m[31m2024-05-07 09:01:24,766[0;39m [32m[INFO][0;39m org.springframework.boot.test.context.SpringBootTestContextBootstrapper main [32mLoaded default TestExecutionListener class names from location [META-INF/spring.factories]: [org.springframework.boot.test.mock.mockito.MockitoTestExecutionListener, org.springframework.boot.test.mock.mockito.ResetMocksTestExecutionListener, org.springframework.boot.test.autoconfigure.restdocs.RestDocsTestExecutionListener, org.springframework.boot.test.autoconfigure.web.client.MockRestServiceServerResetTestExecutionListener, org.springframework.boot.test.autoconfigure.web.servlet.MockMvcPrintOnlyOnFailureTestExecutionListener, org.springframework.boot.test.autoconfigure.web.servlet.WebDriverTestExecutionListener, org.springframework.boot.test.autoconfigure.webservices.client.MockWebServiceServerTestExecutionListener, org.springframework.test.context.web.ServletTestExecutionListener, org.springframework.test.context.support.DirtiesContextBeforeModesTestExecutionListener, org.springframework.test.context.event.ApplicationEventsTestExecutionListener, org.springframework.test.context.support.DependencyInjectionTestExecutionListener, org.springframework.test.context.support.DirtiesContextTestExecutionListener, org.springframework.test.context.transaction.TransactionalTestExecutionListener, org.springframework.test.context.jdbc.SqlScriptsTestExecutionListener, org.springframework.test.context.event.EventPublishingTestExecutionListener]
[0;39m[31m2024-05-07 09:01:24,766[0;39m [32m[INFO][0;39m org.springframework.boot.test.context.SpringBootTestContextBootstrapper main [32mUsing TestExecutionListeners: [org.springframework.test.context.support.DirtiesContextBeforeModesTestExecutionListener@5e9bbd9d, org.springframework.test.context.event.ApplicationEventsTestExecutionListener@4b87074a, org.springframework.boot.test.mock.mockito.MockitoTestExecutionListener@d3e3085, org.springframework.boot.test.autoconfigure.SpringBootDependencyInjectionTestExecutionListener@2ba42204, org.springframework.test.context.support.DirtiesContextTestExecutionListener@285005b8, org.springframework.test.context.transaction.TransactionalTestExecutionListener@5b1efaaf, org.springframework.test.context.jdbc.SqlScriptsTestExecutionListener@27585351, org.springframework.test.context.event.EventPublishingTestExecutionListener@2de6f1bc, org.springframework.boot.test.mock.mockito.ResetMocksTestExecutionListener@5b35c7d, org.springframework.boot.test.autoconfigure.restdocs.RestDocsTestExecutionListener@29d405e6, org.springframework.boot.test.autoconfigure.web.client.MockRestServiceServerResetTestExecutionListener@4c731956, org.springframework.boot.test.autoconfigure.web.servlet.MockMvcPrintOnlyOnFailureTestExecutionListener@56826a75, org.springframework.boot.test.autoconfigure.web.servlet.WebDriverTestExecutionListener@49cd946c, org.springframework.boot.test.autoconfigure.webservices.client.MockWebServiceServerTestExecutionListener@40bf4386]
[0;39m[31m2024-05-07 09:01:24,939[0;39m [32m[WARN][0;39m com.paymentdao.payment.service.PaymentTransferImplementation main [32mNo payee found
[0;39m[31m2024-05-07 09:01:24,955[0;39m [32m[WARN][0;39m com.paymentdao.payment.service.PaymentTransferImplementation main [32mSender Account Number does not match
[0;39m[31m2024-05-07 09:01:24,972[0;39m [32m[INFO][0;39m com.paymentdao.payment.security.MyBankOfficialsService main [32mAttempts are updated 
[0;39m[31m2024-05-07 09:01:24,972[0;39m [32m[INFO][0;39m com.paymentdao.payment.service.PaymentTransferImplementation main [32mPayee fetched successfully
[0;39m[31m2024-05-07 09:01:24,972[0;39m [32m[INFO][0;39m com.paymentdao.payment.service.PaymentTransferImplementation main [32mPayee details: PayeeId - 101, Sender Account Number - 213456789654, Payee Account Number - 543212345678, Payee Name - Eeksha
[0;39m[31m2024-05-07 09:01:24,972[0;39m [32m[INFO][0;39m com.paymentdao.payment.service.PaymentTransferImplementation main [32mPayee details: PayeeId - 103, Sender Account Number - 213456789654, Payee Account Number - 987654321234, Payee Name - Arundhathi
[0;39m[31m2024-05-07 09:01:24,986[0;39m [32m[INFO][0;39m com.paymentdao.payment.security.MyBankOfficialsService main [32mStatus has changed 
[0;39m[31m2024-05-07 09:01:24,986[0;39m [32m[INFO][0;39m com.paymentdao.payment.service.PaymentTransferImplementation main [32mPayee fetched successfully
[0;39m[31m2024-05-07 09:01:24,986[0;39m [32m[WARN][0;39m com.paymentdao.payment.service.PaymentTransferImplementation main [32mNo payee found with given account number : 
[0;39m[31m2024-05-07 09:01:25,033[0;39m [32m[WARN][0;39m com.paymentdao.payment.service.PaymentTransferImplementation main [32mNo payee found
[0;39m[31m2024-05-07 09:01:25,049[0;39m [32m[INFO][0;39m com.paymentdao.payment.service.PaymentTransferImplementation main [32mPayee fetched successfully
[0;39m[31m2024-05-07 09:01:25,049[0;39m [32m[WARN][0;39m com.paymentdao.payment.service.PaymentTransferImplementation main [32mNo payee found
[0;39m[31m2024-05-07 09:01:25,049[0;39m [32m[WARN][0;39m com.paymentdao.payment.service.PaymentTransferImplementation main [32mNo payee found
[0;39m[31m2024-05-07 09:01:25,065[0;39m [32m[INFO][0;39m com.paymentdao.payment.service.PaymentTransferImplementation main [32mPayee fetched successfully
[0;39m[31m2024-05-07 09:01:25,065[0;39m [32m[WARN][0;39m com.paymentdao.payment.service.PaymentTransferImplementation main [32mNo payee found with given account number : 
[0;39m[31m2024-05-07 09:01:25,065[0;39m [32m[INFO][0;39m com.paymentdao.payment.service.PaymentTransferImplementation main [32mPayee fetched successfully
[0;39m[31m2024-05-07 09:01:25,065[0;39m [32m[INFO][0;39m com.paymentdao.payment.service.PaymentTransferImplementation main [32mPayee details: PayeeId - 101, Sender Account Number - 213456789654, Payee Account Number - 543212345678, Payee Name - Eeksha
[0;39m[31m2024-05-07 09:01:25,065[0;39m [32m[INFO][0;39m com.paymentdao.payment.service.PaymentTransferImplementation main [32mPayee details: PayeeId - 103, Sender Account Number - 213456789654, Payee Account Number - 987654321234, Payee Name - Arundhathi
[0;39m[31m2024-05-07 09:01:25,080[0;39m [32m[INFO][0;39m com.zaxxer.hikari.HikariDataSource SpringApplicationShutdownHook [32mHikariPool-1 - Shutdown initiated...
[0;39m[31m2024-05-07 09:01:25,092[0;39m [32m[INFO][0;39m com.zaxxer.hikari.HikariDataSource SpringApplicationShutdownHook [32mHikariPool-1 - Shutdown completed.
[0;39m[31m2024-05-07 15:55:49,900[0;39m [32m[INFO][0;39m com.paymentdao.payment.DeletePayeeTest main [32mStarting DeletePayeeTest using Java 1.8.0_292 on WPF45CTT7 with PID 24832 (started by xxnayaka in C:\DLTE-JAVA-FULL-STACK-ARUNDHATHI-NAYAK-2024\PROJECT\PAYMENT_DAO)
[0;39m[31m2024-05-07 15:55:49,900[0;39m [32m[INFO][0;39m com.paymentdao.payment.DeletePayeeTest main [32mNo active profile set, falling back to 1 default profile: "default"
[0;39m[31m2024-05-07 15:55:50,263[0;39m [32m[INFO][0;39m org.springframework.data.repository.config.RepositoryConfigurationDelegate main [32mBootstrapping Spring Data JDBC repositories in DEFAULT mode.
[0;39m[31m2024-05-07 15:55:50,278[0;39m [32m[INFO][0;39m org.springframework.data.repository.config.RepositoryConfigurationDelegate main [32mFinished Spring Data repository scanning in 7 ms. Found 0 JDBC repository interfaces.
[0;39m[31m2024-05-07 15:55:50,798[0;39m [32m[INFO][0;39m com.zaxxer.hikari.HikariDataSource main [32mHikariPool-1 - Starting...
[0;39m[31m2024-05-07 15:55:50,814[0;39m [32m[WARN][0;39m com.zaxxer.hikari.util.DriverDataSource main [32mRegistered driver with driverClassName=oracle.jdbc.driver.OracleDriver was not found, trying direct instantiation.
[0;39m[31m2024-05-07 15:55:51,176[0;39m [32m[INFO][0;39m com.zaxxer.hikari.pool.PoolBase main [32mHikariPool-1 - Driver does not support get/set network timeout for connections. (oracle.jdbc.driver.T4CConnection.getNetworkTimeout()I)
[0;39m[31m2024-05-07 15:55:51,190[0;39m [32m[INFO][0;39m com.zaxxer.hikari.HikariDataSource main [32mHikariPool-1 - Start completed.
[0;39m[31m2024-05-07 15:55:51,507[0;39m [32m[INFO][0;39m com.paymentdao.payment.DeletePayeeTest main [32mStarted DeletePayeeTest in 1.844 seconds (JVM running for 4.221)
[0;39m[31m2024-05-07 15:55:51,714[0;39m [32m[INFO][0;39m org.springframework.boot.test.context.SpringBootTestContextBootstrapper main [32mNeither @ContextConfiguration nor @ContextHierarchy found for test class [com.paymentdao.payment.PaymentApplicationTests], using SpringBootContextLoader
[0;39m[31m2024-05-07 15:55:51,714[0;39m [32m[INFO][0;39m org.springframework.test.context.support.AbstractContextLoader main [32mCould not detect default resource locations for test class [com.paymentdao.payment.PaymentApplicationTests]: no resource found for suffixes {-context.xml, Context.groovy}.
[0;39m[31m2024-05-07 15:55:51,714[0;39m [32m[INFO][0;39m org.springframework.test.context.support.AnnotationConfigContextLoaderUtils main [32mCould not detect default configuration classes for test class [com.paymentdao.payment.PaymentApplicationTests]: PaymentApplicationTests does not declare any static, non-private, non-final, nested classes annotated with @Configuration.
[0;39m[31m2024-05-07 15:55:51,714[0;39m [32m[INFO][0;39m org.springframework.boot.test.context.SpringBootTestContextBootstrapper main [32mFound @SpringBootConfiguration com.paymentdao.payment.PaymentApplication for test class com.paymentdao.payment.PaymentApplicationTests
[0;39m[31m2024-05-07 15:55:51,729[0;39m [32m[INFO][0;39m org.springframework.boot.test.context.SpringBootTestContextBootstrapper main [32mLoaded default TestExecutionListener class names from location [META-INF/spring.factories]: [org.springframework.boot.test.mock.mockito.MockitoTestExecutionListener, org.springframework.boot.test.mock.mockito.ResetMocksTestExecutionListener, org.springframework.boot.test.autoconfigure.restdocs.RestDocsTestExecutionListener, org.springframework.boot.test.autoconfigure.web.client.MockRestServiceServerResetTestExecutionListener, org.springframework.boot.test.autoconfigure.web.servlet.MockMvcPrintOnlyOnFailureTestExecutionListener, org.springframework.boot.test.autoconfigure.web.servlet.WebDriverTestExecutionListener, org.springframework.boot.test.autoconfigure.webservices.client.MockWebServiceServerTestExecutionListener, org.springframework.test.context.web.ServletTestExecutionListener, org.springframework.test.context.support.DirtiesContextBeforeModesTestExecutionListener, org.springframework.test.context.event.ApplicationEventsTestExecutionListener, org.springframework.test.context.support.DependencyInjectionTestExecutionListener, org.springframework.test.context.support.DirtiesContextTestExecutionListener, org.springframework.test.context.transaction.TransactionalTestExecutionListener, org.springframework.test.context.jdbc.SqlScriptsTestExecutionListener, org.springframework.test.context.event.EventPublishingTestExecutionListener]
[0;39m[31m2024-05-07 15:55:51,729[0;39m [32m[INFO][0;39m org.springframework.boot.test.context.SpringBootTestContextBootstrapper main [32mUsing TestExecutionListeners: [org.springframework.test.context.support.DirtiesContextBeforeModesTestExecutionListener@6889f56f, org.springframework.test.context.event.ApplicationEventsTestExecutionListener@231b35fb, org.springframework.boot.test.mock.mockito.MockitoTestExecutionListener@26da1ba2, org.springframework.boot.test.autoconfigure.SpringBootDependencyInjectionTestExecutionListener@3820cfe, org.springframework.test.context.support.DirtiesContextTestExecutionListener@2407a36c, org.springframework.test.context.transaction.TransactionalTestExecutionListener@5ec9eefa, org.springframework.test.context.jdbc.SqlScriptsTestExecutionListener@28b8f98a, org.springframework.test.context.event.EventPublishingTestExecutionListener@3b4ef59f, org.springframework.boot.test.mock.mockito.ResetMocksTestExecutionListener@22cb3d59, org.springframework.boot.test.autoconfigure.restdocs.RestDocsTestExecutionListener@33e4b9c4, org.springframework.boot.test.autoconfigure.web.client.MockRestServiceServerResetTestExecutionListener@5cff729b, org.springframework.boot.test.autoconfigure.web.servlet.MockMvcPrintOnlyOnFailureTestExecutionListener@10d18696, org.springframework.boot.test.autoconfigure.web.servlet.WebDriverTestExecutionListener@6b8b5020, org.springframework.boot.test.autoconfigure.webservices.client.MockWebServiceServerTestExecutionListener@7d37ee0c]
[0;39m[31m2024-05-07 15:55:52,077[0;39m [32m[WARN][0;39m com.paymentdao.payment.service.PaymentTransferImplementation main [32mNo payee found
[0;39m[31m2024-05-07 15:55:52,092[0;39m [32m[WARN][0;39m com.paymentdao.payment.service.PaymentTransferImplementation main [32mSender Account Number does not match
[0;39m[31m2024-05-07 15:55:52,108[0;39m [32m[INFO][0;39m com.paymentdao.payment.security.MyBankOfficialsService main [32mAttempts are updated 
[0;39m[31m2024-05-07 15:55:52,108[0;39m [32m[INFO][0;39m com.paymentdao.payment.service.PaymentTransferImplementation main [32mPayee fetched successfully
[0;39m[31m2024-05-07 15:55:52,108[0;39m [32m[INFO][0;39m com.paymentdao.payment.service.PaymentTransferImplementation main [32mPayee details: PayeeId - 101, Sender Account Number - 213456789654, Payee Account Number - 543212345678, Payee Name - Eeksha
[0;39m[31m2024-05-07 15:55:52,108[0;39m [32m[INFO][0;39m com.paymentdao.payment.service.PaymentTransferImplementation main [32mPayee details: PayeeId - 103, Sender Account Number - 213456789654, Payee Account Number - 987654321234, Payee Name - Arundhathi
[0;39m[31m2024-05-07 15:55:52,125[0;39m [32m[INFO][0;39m com.paymentdao.payment.security.MyBankOfficialsService main [32mStatus has changed 
[0;39m[31m2024-05-07 15:55:52,125[0;39m [32m[INFO][0;39m com.paymentdao.payment.service.PaymentTransferImplementation main [32mPayee fetched successfully
[0;39m[31m2024-05-07 15:55:52,125[0;39m [32m[WARN][0;39m com.paymentdao.payment.service.PaymentTransferImplementation main [32mNo payee found with given account number : 
[0;39m[31m2024-05-07 15:55:52,171[0;39m [32m[WARN][0;39m com.paymentdao.payment.service.PaymentTransferImplementation main [32mNo payee found
[0;39m[31m2024-05-07 15:55:52,191[0;39m [32m[INFO][0;39m com.paymentdao.payment.service.PaymentTransferImplementation main [32mPayee fetched successfully
[0;39m[31m2024-05-07 15:55:52,203[0;39m [32m[WARN][0;39m com.paymentdao.payment.service.PaymentTransferImplementation main [32mNo payee found
[0;39m[31m2024-05-07 15:55:52,203[0;39m [32m[WARN][0;39m com.paymentdao.payment.service.PaymentTransferImplementation main [32mNo payee found
[0;39m[31m2024-05-07 15:55:52,220[0;39m [32m[INFO][0;39m com.paymentdao.payment.service.PaymentTransferImplementation main [32mPayee fetched successfully
[0;39m[31m2024-05-07 15:55:52,220[0;39m [32m[WARN][0;39m com.paymentdao.payment.service.PaymentTransferImplementation main [32mNo payee found with given account number : 
[0;39m[31m2024-05-07 15:55:52,220[0;39m [32m[INFO][0;39m com.paymentdao.payment.service.PaymentTransferImplementation main [32mPayee fetched successfully
[0;39m[31m2024-05-07 15:55:52,220[0;39m [32m[INFO][0;39m com.paymentdao.payment.service.PaymentTransferImplementation main [32mPayee details: PayeeId - 101, Sender Account Number - 213456789654, Payee Account Number - 543212345678, Payee Name - Eeksha
[0;39m[31m2024-05-07 15:55:52,220[0;39m [32m[INFO][0;39m com.paymentdao.payment.service.PaymentTransferImplementation main [32mPayee details: PayeeId - 103, Sender Account Number - 213456789654, Payee Account Number - 987654321234, Payee Name - Arundhathi
[0;39m[31m2024-05-07 15:55:52,235[0;39m [32m[INFO][0;39m com.zaxxer.hikari.HikariDataSource SpringApplicationShutdownHook [32mHikariPool-1 - Shutdown initiated...
[0;39m[31m2024-05-07 15:55:52,253[0;39m [32m[INFO][0;39m com.zaxxer.hikari.HikariDataSource SpringApplicationShutdownHook [32mHikariPool-1 - Shutdown completed.
[0;39m[31m2024-05-07 16:31:58,282[0;39m [32m[INFO][0;39m com.paymentdao.payment.DeletePayeeTest main [32mStarting DeletePayeeTest using Java 1.8.0_292 on WPF45CTT7 with PID 6748 (started by xxnayaka in C:\DLTE-JAVA-FULL-STACK-ARUNDHATHI-NAYAK-2024\PROJECT\PAYMENT_DAO)
[0;39m[31m2024-05-07 16:31:58,298[0;39m [32m[INFO][0;39m com.paymentdao.payment.DeletePayeeTest main [32mNo active profile set, falling back to 1 default profile: "default"
[0;39m[31m2024-05-07 16:31:58,740[0;39m [32m[INFO][0;39m org.springframework.data.repository.config.RepositoryConfigurationDelegate main [32mBootstrapping Spring Data JDBC repositories in DEFAULT mode.
[0;39m[31m2024-05-07 16:31:58,756[0;39m [32m[INFO][0;39m org.springframework.data.repository.config.RepositoryConfigurationDelegate main [32mFinished Spring Data repository scanning in 9 ms. Found 0 JDBC repository interfaces.
[0;39m[31m2024-05-07 16:31:59,309[0;39m [32m[INFO][0;39m com.zaxxer.hikari.HikariDataSource main [32mHikariPool-1 - Starting...
[0;39m[31m2024-05-07 16:31:59,317[0;39m [32m[WARN][0;39m com.zaxxer.hikari.util.DriverDataSource main [32mRegistered driver with driverClassName=oracle.jdbc.driver.OracleDriver was not found, trying direct instantiation.
[0;39m[31m2024-05-07 16:31:59,633[0;39m [32m[INFO][0;39m com.zaxxer.hikari.pool.PoolBase main [32mHikariPool-1 - Driver does not support get/set network timeout for connections. (oracle.jdbc.driver.T4CConnection.getNetworkTimeout()I)
[0;39m[31m2024-05-07 16:31:59,633[0;39m [32m[INFO][0;39m com.zaxxer.hikari.HikariDataSource main [32mHikariPool-1 - Start completed.
[0;39m[31m2024-05-07 16:31:59,924[0;39m [32m[INFO][0;39m com.paymentdao.payment.DeletePayeeTest main [32mStarted DeletePayeeTest in 1.924 seconds (JVM running for 4.238)
[0;39m[31m2024-05-07 16:32:00,071[0;39m [32m[INFO][0;39m org.springframework.boot.test.context.SpringBootTestContextBootstrapper main [32mNeither @ContextConfiguration nor @ContextHierarchy found for test class [com.paymentdao.payment.PaymentApplicationTests], using SpringBootContextLoader
[0;39m[31m2024-05-07 16:32:00,071[0;39m [32m[INFO][0;39m org.springframework.test.context.support.AbstractContextLoader main [32mCould not detect default resource locations for test class [com.paymentdao.payment.PaymentApplicationTests]: no resource found for suffixes {-context.xml, Context.groovy}.
[0;39m[31m2024-05-07 16:32:00,071[0;39m [32m[INFO][0;39m org.springframework.test.context.support.AnnotationConfigContextLoaderUtils main [32mCould not detect default configuration classes for test class [com.paymentdao.payment.PaymentApplicationTests]: PaymentApplicationTests does not declare any static, non-private, non-final, nested classes annotated with @Configuration.
[0;39m[31m2024-05-07 16:32:00,086[0;39m [32m[INFO][0;39m org.springframework.boot.test.context.SpringBootTestContextBootstrapper main [32mFound @SpringBootConfiguration com.paymentdao.payment.PaymentApplication for test class com.paymentdao.payment.PaymentApplicationTests
[0;39m[31m2024-05-07 16:32:00,086[0;39m [32m[INFO][0;39m org.springframework.boot.test.context.SpringBootTestContextBootstrapper main [32mLoaded default TestExecutionListener class names from location [META-INF/spring.factories]: [org.springframework.boot.test.mock.mockito.MockitoTestExecutionListener, org.springframework.boot.test.mock.mockito.ResetMocksTestExecutionListener, org.springframework.boot.test.autoconfigure.restdocs.RestDocsTestExecutionListener, org.springframework.boot.test.autoconfigure.web.client.MockRestServiceServerResetTestExecutionListener, org.springframework.boot.test.autoconfigure.web.servlet.MockMvcPrintOnlyOnFailureTestExecutionListener, org.springframework.boot.test.autoconfigure.web.servlet.WebDriverTestExecutionListener, org.springframework.boot.test.autoconfigure.webservices.client.MockWebServiceServerTestExecutionListener, org.springframework.test.context.web.ServletTestExecutionListener, org.springframework.test.context.support.DirtiesContextBeforeModesTestExecutionListener, org.springframework.test.context.event.ApplicationEventsTestExecutionListener, org.springframework.test.context.support.DependencyInjectionTestExecutionListener, org.springframework.test.context.support.DirtiesContextTestExecutionListener, org.springframework.test.context.transaction.TransactionalTestExecutionListener, org.springframework.test.context.jdbc.SqlScriptsTestExecutionListener, org.springframework.test.context.event.EventPublishingTestExecutionListener]
[0;39m[31m2024-05-07 16:32:00,086[0;39m [32m[INFO][0;39m org.springframework.boot.test.context.SpringBootTestContextBootstrapper main [32mUsing TestExecutionListeners: [org.springframework.test.context.support.DirtiesContextBeforeModesTestExecutionListener@26da1ba2, org.springframework.test.context.event.ApplicationEventsTestExecutionListener@3820cfe, org.springframework.boot.test.mock.mockito.MockitoTestExecutionListener@2407a36c, org.springframework.boot.test.autoconfigure.SpringBootDependencyInjectionTestExecutionListener@5ec9eefa, org.springframework.test.context.support.DirtiesContextTestExecutionListener@28b8f98a, org.springframework.test.context.transaction.TransactionalTestExecutionListener@3b4ef59f, org.springframework.test.context.jdbc.SqlScriptsTestExecutionListener@22cb3d59, org.springframework.test.context.event.EventPublishingTestExecutionListener@33e4b9c4, org.springframework.boot.test.mock.mockito.ResetMocksTestExecutionListener@5cff729b, org.springframework.boot.test.autoconfigure.restdocs.RestDocsTestExecutionListener@10d18696, org.springframework.boot.test.autoconfigure.web.client.MockRestServiceServerResetTestExecutionListener@6b8b5020, org.springframework.boot.test.autoconfigure.web.servlet.MockMvcPrintOnlyOnFailureTestExecutionListener@7d37ee0c, org.springframework.boot.test.autoconfigure.web.servlet.WebDriverTestExecutionListener@5a7b309b, org.springframework.boot.test.autoconfigure.webservices.client.MockWebServiceServerTestExecutionListener@4602f874]
[0;39m[31m2024-05-07 16:32:00,291[0;39m [32m[WARN][0;39m com.paymentdao.payment.service.PaymentTransferImplementation main [32mNo payee found
[0;39m[31m2024-05-07 16:32:00,307[0;39m [32m[WARN][0;39m com.paymentdao.payment.service.PaymentTransferImplementation main [32mSender Account Number does not match
[0;39m[31m2024-05-07 16:32:00,323[0;39m [32m[INFO][0;39m com.paymentdao.payment.security.MyBankOfficialsService main [32mAttempts are updated 
[0;39m[31m2024-05-07 16:32:00,340[0;39m [32m[INFO][0;39m com.paymentdao.payment.service.PaymentTransferImplementation main [32mPayee fetched successfully
[0;39m[31m2024-05-07 16:32:00,340[0;39m [32m[INFO][0;39m com.paymentdao.payment.service.PaymentTransferImplementation main [32mPayee details: PayeeId - 101, Sender Account Number - 213456789654, Payee Account Number - 543212345678, Payee Name - Eeksha
[0;39m[31m2024-05-07 16:32:00,340[0;39m [32m[INFO][0;39m com.paymentdao.payment.service.PaymentTransferImplementation main [32mPayee details: PayeeId - 103, Sender Account Number - 213456789654, Payee Account Number - 987654321234, Payee Name - Arundhathi
[0;39m[31m2024-05-07 16:32:00,340[0;39m [32m[INFO][0;39m com.paymentdao.payment.security.MyBankOfficialsService main [32mStatus has changed 
[0;39m[31m2024-05-07 16:32:00,340[0;39m [32m[INFO][0;39m com.paymentdao.payment.service.PaymentTransferImplementation main [32mPayee fetched successfully
[0;39m[31m2024-05-07 16:32:00,340[0;39m [32m[WARN][0;39m com.paymentdao.payment.service.PaymentTransferImplementation main [32mNo payee found with given account number : 
[0;39m[31m2024-05-07 16:32:00,392[0;39m [32m[WARN][0;39m com.paymentdao.payment.service.PaymentTransferImplementation main [32mNo payee found
[0;39m[31m2024-05-07 16:32:00,392[0;39m [32m[INFO][0;39m com.paymentdao.payment.service.PaymentTransferImplementation main [32mPayee fetched successfully
[0;39m[31m2024-05-07 16:32:00,408[0;39m [32m[WARN][0;39m com.paymentdao.payment.service.PaymentTransferImplementation main [32mNo payee found
[0;39m[31m2024-05-07 16:32:00,408[0;39m [32m[WARN][0;39m com.paymentdao.payment.service.PaymentTransferImplementation main [32mNo payee found
[0;39m[31m2024-05-07 16:32:00,408[0;39m [32m[INFO][0;39m com.paymentdao.payment.service.PaymentTransferImplementation main [32mPayee fetched successfully
[0;39m[31m2024-05-07 16:32:00,408[0;39m [32m[WARN][0;39m com.paymentdao.payment.service.PaymentTransferImplementation main [32mNo payee found with given account number : 
[0;39m[31m2024-05-07 16:32:00,423[0;39m [32m[INFO][0;39m com.paymentdao.payment.service.PaymentTransferImplementation main [32mPayee fetched successfully
[0;39m[31m2024-05-07 16:32:00,423[0;39m [32m[INFO][0;39m com.paymentdao.payment.service.PaymentTransferImplementation main [32mPayee details: PayeeId - 101, Sender Account Number - 213456789654, Payee Account Number - 543212345678, Payee Name - Eeksha
[0;39m[31m2024-05-07 16:32:00,423[0;39m [32m[INFO][0;39m com.paymentdao.payment.service.PaymentTransferImplementation main [32mPayee details: PayeeId - 103, Sender Account Number - 213456789654, Payee Account Number - 987654321234, Payee Name - Arundhathi
[0;39m[31m2024-05-07 16:32:00,439[0;39m [32m[INFO][0;39m com.zaxxer.hikari.HikariDataSource SpringApplicationShutdownHook [32mHikariPool-1 - Shutdown initiated...
[0;39m[31m2024-05-07 16:32:00,450[0;39m [32m[INFO][0;39m com.zaxxer.hikari.HikariDataSource SpringApplicationShutdownHook [32mHikariPool-1 - Shutdown completed.
[0;39m