[31m2024-04-29 20:41:42,769[0;39m [32m[INFO][0;39m com.jdbcwebapp.thymeleaf.ThymeleafApplication main [32mStarting ThymeleafApplication using Java 1.8.0_292 on WPF45CTT7 with PID 18736 (C:\DLTE-JAVA-FULL-STACK-ARUNDHATHI-NAYAK-2024\DLTE-SPRING\SPRINGBOOT-TASKS\thymeleaf\target\classes started by xxnayaka in C:\DLTE-JAVA-FULL-STACK-ARUNDHATHI-NAYAK-2024\DLTE-SPRING\SPRINGBOOT-TASKS\thymeleaf)
[0;39m[31m2024-04-29 20:41:42,777[0;39m [32m[INFO][0;39m com.jdbcwebapp.thymeleaf.ThymeleafApplication main [32mNo active profile set, falling back to 1 default profile: "default"
[0;39m[31m2024-04-29 20:41:44,172[0;39m [32m[INFO][0;39m org.springframework.data.repository.config.RepositoryConfigurationDelegate main [32mBootstrapping Spring Data JDBC repositories in DEFAULT mode.
[0;39m[31m2024-04-29 20:41:44,213[0;39m [32m[INFO][0;39m org.springframework.data.repository.config.RepositoryConfigurationDelegate main [32mFinished Spring Data repository scanning in 22 ms. Found 0 JDBC repository interfaces.
[0;39m[31m2024-04-29 20:41:45,150[0;39m [32m[INFO][0;39m org.springframework.boot.web.embedded.tomcat.TomcatWebServer main [32mTomcat initialized with port(s): 8082 (http)
[0;39m[31m2024-04-29 20:41:45,164[0;39m [32m[INFO][0;39m org.apache.catalina.core.StandardService main [32mStarting service [Tomcat]
[0;39m[31m2024-04-29 20:41:45,164[0;39m [32m[INFO][0;39m org.apache.catalina.core.StandardEngine main [32mStarting Servlet engine: [Apache Tomcat/9.0.73]
[0;39m[31m2024-04-29 20:41:45,305[0;39m [32m[INFO][0;39m org.apache.catalina.core.ContainerBase.[Tomcat].[localhost].[/] main [32mInitializing Spring embedded WebApplicationContext
[0;39m[31m2024-04-29 20:41:45,305[0;39m [32m[INFO][0;39m org.springframework.boot.web.servlet.context.ServletWebServerApplicationContext main [32mRoot WebApplicationContext: initialization completed in 2443 ms
[0;39m[31m2024-04-29 20:41:45,623[0;39m [32m[INFO][0;39m org.springframework.security.web.DefaultSecurityFilterChain main [32mWill secure any request with [org.springframework.security.web.session.DisableEncodeUrlFilter@10c2064a, org.springframework.security.web.context.request.async.WebAsyncManagerIntegrationFilter@70e13fa, org.springframework.security.web.context.SecurityContextPersistenceFilter@598260a6, org.springframework.security.web.header.HeaderWriterFilter@60acd609, org.springframework.security.web.csrf.CsrfFilter@6a0cbc6f, org.springframework.security.web.authentication.logout.LogoutFilter@3f4cd155, org.springframework.security.web.authentication.UsernamePasswordAuthenticationFilter@138caeca, org.springframework.security.web.authentication.www.BasicAuthenticationFilter@3e6534e7, org.springframework.security.web.savedrequest.RequestCacheAwareFilter@281ce6bb, org.springframework.security.web.servletapi.SecurityContextHolderAwareRequestFilter@7a1f8def, org.springframework.security.web.authentication.AnonymousAuthenticationFilter@6ff415ad, org.springframework.security.web.session.SessionManagementFilter@3f49e266, org.springframework.security.web.access.ExceptionTranslationFilter@4df39a88, org.springframework.security.web.access.intercept.FilterSecurityInterceptor@30669dac]
[0;39m[31m2024-04-29 20:41:45,748[0;39m [32m[INFO][0;39m org.springframework.boot.autoconfigure.web.servlet.WelcomePageHandlerMapping main [32mAdding welcome page template: index
[0;39m[31m2024-04-29 20:41:45,905[0;39m [32m[INFO][0;39m com.zaxxer.hikari.HikariDataSource main [32mHikariPool-1 - Starting...
[0;39m[31m2024-04-29 20:41:45,905[0;39m [32m[WARN][0;39m com.zaxxer.hikari.util.DriverDataSource main [32mRegistered driver with driverClassName=oracle.jdbc.driver.OracleDriver was not found, trying direct instantiation.
[0;39m[31m2024-04-29 20:41:45,984[0;39m [32m[INFO][0;39m com.zaxxer.hikari.pool.PoolBase main [32mHikariPool-1 - Driver does not support get/set network timeout for connections. (oracle.jdbc.driver.T4CConnection.getNetworkTimeout()I)
[0;39m[31m2024-04-29 20:41:45,984[0;39m [32m[INFO][0;39m com.zaxxer.hikari.HikariDataSource main [32mHikariPool-1 - Start completed.
[0;39m[31m2024-04-29 20:41:46,112[0;39m [32m[INFO][0;39m org.springframework.boot.web.embedded.tomcat.TomcatWebServer main [32mTomcat started on port(s): 8082 (http) with context path ''
[0;39m[31m2024-04-29 20:41:46,135[0;39m [32m[INFO][0;39m com.jdbcwebapp.thymeleaf.ThymeleafApplication main [32mStarted ThymeleafApplication in 3.823 seconds (JVM running for 4.544)
[0;39m[31m2024-04-29 20:41:57,564[0;39m [32m[INFO][0;39m org.apache.catalina.core.ContainerBase.[Tomcat].[localhost].[/] http-nio-8082-exec-1 [32mInitializing Spring DispatcherServlet 'dispatcherServlet'
[0;39m[31m2024-04-29 20:41:57,570[0;39m [32m[INFO][0;39m org.springframework.web.servlet.DispatcherServlet http-nio-8082-exec-1 [32mInitializing Servlet 'dispatcherServlet'
[0;39m[31m2024-04-29 20:41:57,570[0;39m [32m[INFO][0;39m org.springframework.web.servlet.DispatcherServlet http-nio-8082-exec-1 [32mCompleted initialization in 0 ms
[0;39m[31m2024-04-29 20:44:59,653[0;39m [32m[INFO][0;39m com.jdbcwebapp.thymeleaf.ThymeleafApplication main [32mStarting ThymeleafApplication using Java 1.8.0_292 on WPF45CTT7 with PID 17236 (C:\DLTE-JAVA-FULL-STACK-ARUNDHATHI-NAYAK-2024\DLTE-SPRING\SPRINGBOOT-TASKS\thymeleaf\target\classes started by xxnayaka in C:\DLTE-JAVA-FULL-STACK-ARUNDHATHI-NAYAK-2024\DLTE-SPRING\SPRINGBOOT-TASKS\thymeleaf)
[0;39m[31m2024-04-29 20:44:59,669[0;39m [32m[INFO][0;39m com.jdbcwebapp.thymeleaf.ThymeleafApplication main [32mNo active profile set, falling back to 1 default profile: "default"
[0;39m[31m2024-04-29 20:45:00,507[0;39m [32m[INFO][0;39m org.springframework.data.repository.config.RepositoryConfigurationDelegate main [32mBootstrapping Spring Data JDBC repositories in DEFAULT mode.
[0;39m[31m2024-04-29 20:45:00,507[0;39m [32m[INFO][0;39m org.springframework.data.repository.config.RepositoryConfigurationDelegate main [32mFinished Spring Data repository scanning in 6 ms. Found 0 JDBC repository interfaces.
[0;39m[31m2024-04-29 20:45:00,854[0;39m [32m[INFO][0;39m org.springframework.boot.web.embedded.tomcat.TomcatWebServer main [32mTomcat initialized with port(s): 8082 (http)
[0;39m[31m2024-04-29 20:45:00,854[0;39m [32m[INFO][0;39m org.apache.catalina.core.StandardService main [32mStarting service [Tomcat]
[0;39m[31m2024-04-29 20:45:00,854[0;39m [32m[INFO][0;39m org.apache.catalina.core.StandardEngine main [32mStarting Servlet engine: [Apache Tomcat/9.0.73]
[0;39m[31m2024-04-29 20:45:00,948[0;39m [32m[INFO][0;39m org.apache.catalina.core.ContainerBase.[Tomcat].[localhost].[/] main [32mInitializing Spring embedded WebApplicationContext
[0;39m[31m2024-04-29 20:45:00,948[0;39m [32m[INFO][0;39m org.springframework.boot.web.servlet.context.ServletWebServerApplicationContext main [32mRoot WebApplicationContext: initialization completed in 1248 ms
[0;39m[31m2024-04-29 20:45:01,184[0;39m [32m[INFO][0;39m org.springframework.security.web.DefaultSecurityFilterChain main [32mWill secure any request with [org.springframework.security.web.session.DisableEncodeUrlFilter@1de9d54, org.springframework.security.web.context.request.async.WebAsyncManagerIntegrationFilter@77a2aa4a, org.springframework.security.web.context.SecurityContextPersistenceFilter@7c75db8b, org.springframework.security.web.header.HeaderWriterFilter@20749d9, org.springframework.security.web.csrf.CsrfFilter@40f8f5a8, org.springframework.security.web.authentication.logout.LogoutFilter@116a2108, org.springframework.security.web.authentication.UsernamePasswordAuthenticationFilter@ce9b9a9, org.springframework.security.web.authentication.www.BasicAuthenticationFilter@37ce3644, org.springframework.security.web.savedrequest.RequestCacheAwareFilter@3cd206b5, org.springframework.security.web.servletapi.SecurityContextHolderAwareRequestFilter@a137d7a, org.springframework.security.web.authentication.AnonymousAuthenticationFilter@47ad69f7, org.springframework.security.web.session.SessionManagementFilter@62628e78, org.springframework.security.web.access.ExceptionTranslationFilter@77134e08, org.springframework.security.web.access.intercept.FilterSecurityInterceptor@1cb7936c]
[0;39m[31m2024-04-29 20:45:01,294[0;39m [32m[INFO][0;39m org.springframework.boot.autoconfigure.web.servlet.WelcomePageHandlerMapping main [32mAdding welcome page template: index
[0;39m[31m2024-04-29 20:45:01,390[0;39m [32m[INFO][0;39m com.zaxxer.hikari.HikariDataSource main [32mHikariPool-1 - Starting...
[0;39m[31m2024-04-29 20:45:01,390[0;39m [32m[WARN][0;39m com.zaxxer.hikari.util.DriverDataSource main [32mRegistered driver with driverClassName=oracle.jdbc.driver.OracleDriver was not found, trying direct instantiation.
[0;39m[31m2024-04-29 20:45:01,453[0;39m [32m[INFO][0;39m com.zaxxer.hikari.pool.PoolBase main [32mHikariPool-1 - Driver does not support get/set network timeout for connections. (oracle.jdbc.driver.T4CConnection.getNetworkTimeout()I)
[0;39m[31m2024-04-29 20:45:01,468[0;39m [32m[INFO][0;39m com.zaxxer.hikari.HikariDataSource main [32mHikariPool-1 - Start completed.
[0;39m[31m2024-04-29 20:45:01,564[0;39m [32m[INFO][0;39m org.springframework.boot.web.embedded.tomcat.TomcatWebServer main [32mTomcat started on port(s): 8082 (http) with context path ''
[0;39m[31m2024-04-29 20:45:01,576[0;39m [32m[INFO][0;39m com.jdbcwebapp.thymeleaf.ThymeleafApplication main [32mStarted ThymeleafApplication in 2.235 seconds (JVM running for 2.842)
[0;39m[31m2024-04-29 20:45:20,130[0;39m [32m[INFO][0;39m org.apache.catalina.core.ContainerBase.[Tomcat].[localhost].[/] http-nio-8082-exec-3 [32mInitializing Spring DispatcherServlet 'dispatcherServlet'
[0;39m[31m2024-04-29 20:45:20,130[0;39m [32m[INFO][0;39m org.springframework.web.servlet.DispatcherServlet http-nio-8082-exec-3 [32mInitializing Servlet 'dispatcherServlet'
[0;39m[31m2024-04-29 20:45:20,130[0;39m [32m[INFO][0;39m org.springframework.web.servlet.DispatcherServlet http-nio-8082-exec-3 [32mCompleted initialization in 0 ms
[0;39m[31m2024-04-29 20:45:25,248[0;39m [32m[ERROR][0;39m org.springframework.security.web.authentication.UsernamePasswordAuthenticationFilter http-nio-8082-exec-2 [32mAn internal error occurred while trying to authenticate the user.
[0;39morg.springframework.security.authentication.InternalAuthenticationServiceException: Incorrect result size: expected 1, actual 0
	at org.springframework.security.authentication.dao.DaoAuthenticationProvider.retrieveUser(DaoAuthenticationProvider.java:109)
	at org.springframework.security.authentication.dao.AbstractUserDetailsAuthenticationProvider.authenticate(AbstractUserDetailsAuthenticationProvider.java:133)
	at org.springframework.security.authentication.ProviderManager.authenticate(ProviderManager.java:182)
	at org.springframework.security.web.authentication.UsernamePasswordAuthenticationFilter.attemptAuthentication(UsernamePasswordAuthenticationFilter.java:85)
	at org.springframework.security.web.authentication.AbstractAuthenticationProcessingFilter.doFilter(AbstractAuthenticationProcessingFilter.java:227)
	at org.springframework.security.web.authentication.AbstractAuthenticationProcessingFilter.doFilter(AbstractAuthenticationProcessingFilter.java:217)
	at org.springframework.security.web.FilterChainProxy$VirtualFilterChain.doFilter(FilterChainProxy.java:346)
	at org.springframework.security.web.authentication.logout.LogoutFilter.doFilter(LogoutFilter.java:103)
	at org.springframework.security.web.authentication.logout.LogoutFilter.doFilter(LogoutFilter.java:89)
	at org.springframework.security.web.FilterChainProxy$VirtualFilterChain.doFilter(FilterChainProxy.java:346)
	at org.springframework.security.web.csrf.CsrfFilter.doFilterInternal(CsrfFilter.java:132)
	at org.springframework.web.filter.OncePerRequestFilter.doFilter(OncePerRequestFilter.java:117)
	at org.springframework.security.web.FilterChainProxy$VirtualFilterChain.doFilter(FilterChainProxy.java:346)
	at org.springframework.security.web.header.HeaderWriterFilter.doHeadersAfter(HeaderWriterFilter.java:90)
	at org.springframework.security.web.header.HeaderWriterFilter.doFilterInternal(HeaderWriterFilter.java:75)
	at org.springframework.web.filter.OncePerRequestFilter.doFilter(OncePerRequestFilter.java:117)
	at org.springframework.security.web.FilterChainProxy$VirtualFilterChain.doFilter(FilterChainProxy.java:346)
	at org.springframework.security.web.context.SecurityContextPersistenceFilter.doFilter(SecurityContextPersistenceFilter.java:112)
	at org.springframework.security.web.context.SecurityContextPersistenceFilter.doFilter(SecurityContextPersistenceFilter.java:82)
	at org.springframework.security.web.FilterChainProxy$VirtualFilterChain.doFilter(FilterChainProxy.java:346)
	at org.springframework.security.web.context.request.async.WebAsyncManagerIntegrationFilter.doFilterInternal(WebAsyncManagerIntegrationFilter.java:55)
	at org.springframework.web.filter.OncePerRequestFilter.doFilter(OncePerRequestFilter.java:117)
	at org.springframework.security.web.FilterChainProxy$VirtualFilterChain.doFilter(FilterChainProxy.java:346)
	at org.springframework.security.web.session.DisableEncodeUrlFilter.doFilterInternal(DisableEncodeUrlFilter.java:42)
	at org.springframework.web.filter.OncePerRequestFilter.doFilter(OncePerRequestFilter.java:117)
	at org.springframework.security.web.FilterChainProxy$VirtualFilterChain.doFilter(FilterChainProxy.java:346)
	at org.springframework.security.web.FilterChainProxy.doFilterInternal(FilterChainProxy.java:221)
	at org.springframework.security.web.FilterChainProxy.doFilter(FilterChainProxy.java:186)
	at org.springframework.web.filter.DelegatingFilterProxy.invokeDelegate(DelegatingFilterProxy.java:354)
	at org.springframework.web.filter.DelegatingFilterProxy.doFilter(DelegatingFilterProxy.java:267)
	at org.apache.catalina.core.ApplicationFilterChain.internalDoFilter(ApplicationFilterChain.java:178)
	at org.apache.catalina.core.ApplicationFilterChain.doFilter(ApplicationFilterChain.java:153)
	at org.springframework.web.filter.RequestContextFilter.doFilterInternal(RequestContextFilter.java:100)
	at org.springframework.web.filter.OncePerRequestFilter.doFilter(OncePerRequestFilter.java:117)
	at org.apache.catalina.core.ApplicationFilterChain.internalDoFilter(ApplicationFilterChain.java:178)
	at org.apache.catalina.core.ApplicationFilterChain.doFilter(ApplicationFilterChain.java:153)
	at org.springframework.web.filter.FormContentFilter.doFilterInternal(FormContentFilter.java:93)
	at org.springframework.web.filter.OncePerRequestFilter.doFilter(OncePerRequestFilter.java:117)
	at org.apache.catalina.core.ApplicationFilterChain.internalDoFilter(ApplicationFilterChain.java:178)
	at org.apache.catalina.core.ApplicationFilterChain.doFilter(ApplicationFilterChain.java:153)
	at org.springframework.web.filter.CharacterEncodingFilter.doFilterInternal(CharacterEncodingFilter.java:201)
	at org.springframework.web.filter.OncePerRequestFilter.doFilter(OncePerRequestFilter.java:117)
	at org.apache.catalina.core.ApplicationFilterChain.internalDoFilter(ApplicationFilterChain.java:178)
	at org.apache.catalina.core.ApplicationFilterChain.doFilter(ApplicationFilterChain.java:153)
	at org.apache.catalina.core.StandardWrapperValve.invoke(StandardWrapperValve.java:167)
	at org.apache.catalina.core.StandardContextValve.invoke(StandardContextValve.java:90)
	at org.apache.catalina.authenticator.AuthenticatorBase.invoke(AuthenticatorBase.java:492)
	at org.apache.catalina.core.StandardHostValve.invoke(StandardHostValve.java:130)
	at org.apache.catalina.valves.ErrorReportValve.invoke(ErrorReportValve.java:93)
	at org.apache.catalina.core.StandardEngineValve.invoke(StandardEngineValve.java:74)
	at org.apache.catalina.connector.CoyoteAdapter.service(CoyoteAdapter.java:343)
	at org.apache.coyote.http11.Http11Processor.service(Http11Processor.java:389)
	at org.apache.coyote.AbstractProcessorLight.process(AbstractProcessorLight.java:63)
	at org.apache.coyote.AbstractProtocol$ConnectionHandler.process(AbstractProtocol.java:926)
	at org.apache.tomcat.util.net.NioEndpoint$SocketProcessor.doRun(NioEndpoint.java:1791)
	at org.apache.tomcat.util.net.SocketProcessorBase.run(SocketProcessorBase.java:49)
	at org.apache.tomcat.util.threads.ThreadPoolExecutor.runWorker(ThreadPoolExecutor.java:1191)
	at org.apache.tomcat.util.threads.ThreadPoolExecutor$Worker.run(ThreadPoolExecutor.java:659)
	at org.apache.tomcat.util.threads.TaskThread$WrappingRunnable.run(TaskThread.java:61)
	at java.lang.Thread.run(Thread.java:748)
Caused by: org.springframework.dao.EmptyResultDataAccessException: Incorrect result size: expected 1, actual 0
	at org.springframework.dao.support.DataAccessUtils.nullableSingleResult(DataAccessUtils.java:97)
	at org.springframework.jdbc.core.JdbcTemplate.queryForObject(JdbcTemplate.java:880)
	at com.springjdbc.driver.security.TransactionOfficialService.findByUsername(TransactionOfficialService.java:25)
	at com.springjdbc.driver.security.TransactionOfficialService.loadUserByUsername(TransactionOfficialService.java:32)
	at org.springframework.security.authentication.dao.DaoAuthenticationProvider.retrieveUser(DaoAuthenticationProvider.java:94)
	... 59 common frames omitted
[31m2024-04-29 20:45:28,705[0;39m [32m[ERROR][0;39m org.springframework.security.web.authentication.UsernamePasswordAuthenticationFilter http-nio-8082-exec-8 [32mAn internal error occurred while trying to authenticate the user.
[0;39morg.springframework.security.authentication.InternalAuthenticationServiceException: Incorrect result size: expected 1, actual 0
	at org.springframework.security.authentication.dao.DaoAuthenticationProvider.retrieveUser(DaoAuthenticationProvider.java:109)
	at org.springframework.security.authentication.dao.AbstractUserDetailsAuthenticationProvider.authenticate(AbstractUserDetailsAuthenticationProvider.java:133)
	at org.springframework.security.authentication.ProviderManager.authenticate(ProviderManager.java:182)
	at org.springframework.security.web.authentication.UsernamePasswordAuthenticationFilter.attemptAuthentication(UsernamePasswordAuthenticationFilter.java:85)
	at org.springframework.security.web.authentication.AbstractAuthenticationProcessingFilter.doFilter(AbstractAuthenticationProcessingFilter.java:227)
	at org.springframework.security.web.authentication.AbstractAuthenticationProcessingFilter.doFilter(AbstractAuthenticationProcessingFilter.java:217)
	at org.springframework.security.web.FilterChainProxy$VirtualFilterChain.doFilter(FilterChainProxy.java:346)
	at org.springframework.security.web.authentication.logout.LogoutFilter.doFilter(LogoutFilter.java:103)
	at org.springframework.security.web.authentication.logout.LogoutFilter.doFilter(LogoutFilter.java:89)
	at org.springframework.security.web.FilterChainProxy$VirtualFilterChain.doFilter(FilterChainProxy.java:346)
	at org.springframework.security.web.csrf.CsrfFilter.doFilterInternal(CsrfFilter.java:132)
	at org.springframework.web.filter.OncePerRequestFilter.doFilter(OncePerRequestFilter.java:117)
	at org.springframework.security.web.FilterChainProxy$VirtualFilterChain.doFilter(FilterChainProxy.java:346)
	at org.springframework.security.web.header.HeaderWriterFilter.doHeadersAfter(HeaderWriterFilter.java:90)
	at org.springframework.security.web.header.HeaderWriterFilter.doFilterInternal(HeaderWriterFilter.java:75)
	at org.springframework.web.filter.OncePerRequestFilter.doFilter(OncePerRequestFilter.java:117)
	at org.springframework.security.web.FilterChainProxy$VirtualFilterChain.doFilter(FilterChainProxy.java:346)
	at org.springframework.security.web.context.SecurityContextPersistenceFilter.doFilter(SecurityContextPersistenceFilter.java:112)
	at org.springframework.security.web.context.SecurityContextPersistenceFilter.doFilter(SecurityContextPersistenceFilter.java:82)
	at org.springframework.security.web.FilterChainProxy$VirtualFilterChain.doFilter(FilterChainProxy.java:346)
	at org.springframework.security.web.context.request.async.WebAsyncManagerIntegrationFilter.doFilterInternal(WebAsyncManagerIntegrationFilter.java:55)
	at org.springframework.web.filter.OncePerRequestFilter.doFilter(OncePerRequestFilter.java:117)
	at org.springframework.security.web.FilterChainProxy$VirtualFilterChain.doFilter(FilterChainProxy.java:346)
	at org.springframework.security.web.session.DisableEncodeUrlFilter.doFilterInternal(DisableEncodeUrlFilter.java:42)
	at org.springframework.web.filter.OncePerRequestFilter.doFilter(OncePerRequestFilter.java:117)
	at org.springframework.security.web.FilterChainProxy$VirtualFilterChain.doFilter(FilterChainProxy.java:346)
	at org.springframework.security.web.FilterChainProxy.doFilterInternal(FilterChainProxy.java:221)
	at org.springframework.security.web.FilterChainProxy.doFilter(FilterChainProxy.java:186)
	at org.springframework.web.filter.DelegatingFilterProxy.invokeDelegate(DelegatingFilterProxy.java:354)
	at org.springframework.web.filter.DelegatingFilterProxy.doFilter(DelegatingFilterProxy.java:267)
	at org.apache.catalina.core.ApplicationFilterChain.internalDoFilter(ApplicationFilterChain.java:178)
	at org.apache.catalina.core.ApplicationFilterChain.doFilter(ApplicationFilterChain.java:153)
	at org.springframework.web.filter.RequestContextFilter.doFilterInternal(RequestContextFilter.java:100)
	at org.springframework.web.filter.OncePerRequestFilter.doFilter(OncePerRequestFilter.java:117)
	at org.apache.catalina.core.ApplicationFilterChain.internalDoFilter(ApplicationFilterChain.java:178)
	at org.apache.catalina.core.ApplicationFilterChain.doFilter(ApplicationFilterChain.java:153)
	at org.springframework.web.filter.FormContentFilter.doFilterInternal(FormContentFilter.java:93)
	at org.springframework.web.filter.OncePerRequestFilter.doFilter(OncePerRequestFilter.java:117)
	at org.apache.catalina.core.ApplicationFilterChain.internalDoFilter(ApplicationFilterChain.java:178)
	at org.apache.catalina.core.ApplicationFilterChain.doFilter(ApplicationFilterChain.java:153)
	at org.springframework.web.filter.CharacterEncodingFilter.doFilterInternal(CharacterEncodingFilter.java:201)
	at org.springframework.web.filter.OncePerRequestFilter.doFilter(OncePerRequestFilter.java:117)
	at org.apache.catalina.core.ApplicationFilterChain.internalDoFilter(ApplicationFilterChain.java:178)
	at org.apache.catalina.core.ApplicationFilterChain.doFilter(ApplicationFilterChain.java:153)
	at org.apache.catalina.core.StandardWrapperValve.invoke(StandardWrapperValve.java:167)
	at org.apache.catalina.core.StandardContextValve.invoke(StandardContextValve.java:90)
	at org.apache.catalina.authenticator.AuthenticatorBase.invoke(AuthenticatorBase.java:492)
	at org.apache.catalina.core.StandardHostValve.invoke(StandardHostValve.java:130)
	at org.apache.catalina.valves.ErrorReportValve.invoke(ErrorReportValve.java:93)
	at org.apache.catalina.core.StandardEngineValve.invoke(StandardEngineValve.java:74)
	at org.apache.catalina.connector.CoyoteAdapter.service(CoyoteAdapter.java:343)
	at org.apache.coyote.http11.Http11Processor.service(Http11Processor.java:389)
	at org.apache.coyote.AbstractProcessorLight.process(AbstractProcessorLight.java:63)
	at org.apache.coyote.AbstractProtocol$ConnectionHandler.process(AbstractProtocol.java:926)
	at org.apache.tomcat.util.net.NioEndpoint$SocketProcessor.doRun(NioEndpoint.java:1791)
	at org.apache.tomcat.util.net.SocketProcessorBase.run(SocketProcessorBase.java:49)
	at org.apache.tomcat.util.threads.ThreadPoolExecutor.runWorker(ThreadPoolExecutor.java:1191)
	at org.apache.tomcat.util.threads.ThreadPoolExecutor$Worker.run(ThreadPoolExecutor.java:659)
	at org.apache.tomcat.util.threads.TaskThread$WrappingRunnable.run(TaskThread.java:61)
	at java.lang.Thread.run(Thread.java:748)
Caused by: org.springframework.dao.EmptyResultDataAccessException: Incorrect result size: expected 1, actual 0
	at org.springframework.dao.support.DataAccessUtils.nullableSingleResult(DataAccessUtils.java:97)
	at org.springframework.jdbc.core.JdbcTemplate.queryForObject(JdbcTemplate.java:880)
	at com.springjdbc.driver.security.TransactionOfficialService.findByUsername(TransactionOfficialService.java:25)
	at com.springjdbc.driver.security.TransactionOfficialService.loadUserByUsername(TransactionOfficialService.java:32)
	at org.springframework.security.authentication.dao.DaoAuthenticationProvider.retrieveUser(DaoAuthenticationProvider.java:94)
	... 59 common frames omitted
[31m2024-04-29 20:46:57,821[0;39m [32m[INFO][0;39m com.jdbcwebapp.thymeleaf.ThymeleafApplication main [32mStarting ThymeleafApplication using Java 1.8.0_292 on WPF45CTT7 with PID 13336 (C:\DLTE-JAVA-FULL-STACK-ARUNDHATHI-NAYAK-2024\DLTE-SPRING\SPRINGBOOT-TASKS\thymeleaf\target\classes started by xxnayaka in C:\DLTE-JAVA-FULL-STACK-ARUNDHATHI-NAYAK-2024\DLTE-SPRING\SPRINGBOOT-TASKS\thymeleaf)
[0;39m[31m2024-04-29 20:46:57,821[0;39m [32m[INFO][0;39m com.jdbcwebapp.thymeleaf.ThymeleafApplication main [32mNo active profile set, falling back to 1 default profile: "default"
[0;39m[31m2024-04-29 20:46:58,540[0;39m [32m[INFO][0;39m org.springframework.data.repository.config.RepositoryConfigurationDelegate main [32mBootstrapping Spring Data JDBC repositories in DEFAULT mode.
[0;39m[31m2024-04-29 20:46:58,553[0;39m [32m[INFO][0;39m org.springframework.data.repository.config.RepositoryConfigurationDelegate main [32mFinished Spring Data repository scanning in 6 ms. Found 0 JDBC repository interfaces.
[0;39m[31m2024-04-29 20:46:58,966[0;39m [32m[INFO][0;39m org.springframework.boot.web.embedded.tomcat.TomcatWebServer main [32mTomcat initialized with port(s): 8082 (http)
[0;39m[31m2024-04-29 20:46:58,966[0;39m [32m[INFO][0;39m org.apache.catalina.core.StandardService main [32mStarting service [Tomcat]
[0;39m[31m2024-04-29 20:46:58,966[0;39m [32m[INFO][0;39m org.apache.catalina.core.StandardEngine main [32mStarting Servlet engine: [Apache Tomcat/9.0.73]
[0;39m[31m2024-04-29 20:46:59,060[0;39m [32m[INFO][0;39m org.apache.catalina.core.ContainerBase.[Tomcat].[localhost].[/] main [32mInitializing Spring embedded WebApplicationContext
[0;39m[31m2024-04-29 20:46:59,060[0;39m [32m[INFO][0;39m org.springframework.boot.web.servlet.context.ServletWebServerApplicationContext main [32mRoot WebApplicationContext: initialization completed in 1187 ms
[0;39m[31m2024-04-29 20:46:59,332[0;39m [32m[INFO][0;39m org.springframework.security.web.DefaultSecurityFilterChain main [32mWill secure any request with [org.springframework.security.web.session.DisableEncodeUrlFilter@100c567f, org.springframework.security.web.context.request.async.WebAsyncManagerIntegrationFilter@30c0d731, org.springframework.security.web.context.SecurityContextPersistenceFilter@468be356, org.springframework.security.web.header.HeaderWriterFilter@3cd206b5, org.springframework.security.web.csrf.CsrfFilter@3ae2ed38, org.springframework.security.web.authentication.logout.LogoutFilter@1b15f922, org.springframework.security.web.authentication.UsernamePasswordAuthenticationFilter@3f4cd155, org.springframework.security.web.authentication.www.BasicAuthenticationFilter@15d0849, org.springframework.security.web.savedrequest.RequestCacheAwareFilter@4df39a88, org.springframework.security.web.servletapi.SecurityContextHolderAwareRequestFilter@3bec2275, org.springframework.security.web.authentication.AnonymousAuthenticationFilter@6d5037a9, org.springframework.security.web.session.SessionManagementFilter@a137d7a, org.springframework.security.web.access.ExceptionTranslationFilter@62628e78, org.springframework.security.web.access.intercept.FilterSecurityInterceptor@1de9d54]
[0;39m[31m2024-04-29 20:46:59,439[0;39m [32m[INFO][0;39m org.springframework.boot.autoconfigure.web.servlet.WelcomePageHandlerMapping main [32mAdding welcome page template: index
[0;39m[31m2024-04-29 20:46:59,547[0;39m [32m[INFO][0;39m com.zaxxer.hikari.HikariDataSource main [32mHikariPool-1 - Starting...
[0;39m[31m2024-04-29 20:46:59,549[0;39m [32m[WARN][0;39m com.zaxxer.hikari.util.DriverDataSource main [32mRegistered driver with driverClassName=oracle.jdbc.driver.OracleDriver was not found, trying direct instantiation.
[0;39m[31m2024-04-29 20:46:59,613[0;39m [32m[INFO][0;39m com.zaxxer.hikari.pool.PoolBase main [32mHikariPool-1 - Driver does not support get/set network timeout for connections. (oracle.jdbc.driver.T4CConnection.getNetworkTimeout()I)
[0;39m[31m2024-04-29 20:46:59,628[0;39m [32m[INFO][0;39m com.zaxxer.hikari.HikariDataSource main [32mHikariPool-1 - Start completed.
[0;39m[31m2024-04-29 20:46:59,723[0;39m [32m[INFO][0;39m org.springframework.boot.web.embedded.tomcat.TomcatWebServer main [32mTomcat started on port(s): 8082 (http) with context path ''
[0;39m[31m2024-04-29 20:46:59,743[0;39m [32m[INFO][0;39m com.jdbcwebapp.thymeleaf.ThymeleafApplication main [32mStarted ThymeleafApplication in 2.268 seconds (JVM running for 2.949)
[0;39m[31m2024-04-29 20:47:03,486[0;39m [32m[INFO][0;39m org.apache.catalina.core.ContainerBase.[Tomcat].[localhost].[/] http-nio-8082-exec-2 [32mInitializing Spring DispatcherServlet 'dispatcherServlet'
[0;39m[31m2024-04-29 20:47:03,486[0;39m [32m[INFO][0;39m org.springframework.web.servlet.DispatcherServlet http-nio-8082-exec-2 [32mInitializing Servlet 'dispatcherServlet'
[0;39m[31m2024-04-29 20:47:03,486[0;39m [32m[INFO][0;39m org.springframework.web.servlet.DispatcherServlet http-nio-8082-exec-2 [32mCompleted initialization in 0 ms
[0;39m[31m2024-04-29 20:47:13,338[0;39m [32m[ERROR][0;39m org.springframework.security.web.authentication.UsernamePasswordAuthenticationFilter http-nio-8082-exec-5 [32mAn internal error occurred while trying to authenticate the user.
[0;39morg.springframework.security.authentication.InternalAuthenticationServiceException: Incorrect result size: expected 1, actual 0
	at org.springframework.security.authentication.dao.DaoAuthenticationProvider.retrieveUser(DaoAuthenticationProvider.java:109)
	at org.springframework.security.authentication.dao.AbstractUserDetailsAuthenticationProvider.authenticate(AbstractUserDetailsAuthenticationProvider.java:133)
	at org.springframework.security.authentication.ProviderManager.authenticate(ProviderManager.java:182)
	at org.springframework.security.web.authentication.UsernamePasswordAuthenticationFilter.attemptAuthentication(UsernamePasswordAuthenticationFilter.java:85)
	at org.springframework.security.web.authentication.AbstractAuthenticationProcessingFilter.doFilter(AbstractAuthenticationProcessingFilter.java:227)
	at org.springframework.security.web.authentication.AbstractAuthenticationProcessingFilter.doFilter(AbstractAuthenticationProcessingFilter.java:217)
	at org.springframework.security.web.FilterChainProxy$VirtualFilterChain.doFilter(FilterChainProxy.java:346)
	at org.springframework.security.web.authentication.logout.LogoutFilter.doFilter(LogoutFilter.java:103)
	at org.springframework.security.web.authentication.logout.LogoutFilter.doFilter(LogoutFilter.java:89)
	at org.springframework.security.web.FilterChainProxy$VirtualFilterChain.doFilter(FilterChainProxy.java:346)
	at org.springframework.security.web.csrf.CsrfFilter.doFilterInternal(CsrfFilter.java:132)
	at org.springframework.web.filter.OncePerRequestFilter.doFilter(OncePerRequestFilter.java:117)
	at org.springframework.security.web.FilterChainProxy$VirtualFilterChain.doFilter(FilterChainProxy.java:346)
	at org.springframework.security.web.header.HeaderWriterFilter.doHeadersAfter(HeaderWriterFilter.java:90)
	at org.springframework.security.web.header.HeaderWriterFilter.doFilterInternal(HeaderWriterFilter.java:75)
	at org.springframework.web.filter.OncePerRequestFilter.doFilter(OncePerRequestFilter.java:117)
	at org.springframework.security.web.FilterChainProxy$VirtualFilterChain.doFilter(FilterChainProxy.java:346)
	at org.springframework.security.web.context.SecurityContextPersistenceFilter.doFilter(SecurityContextPersistenceFilter.java:112)
	at org.springframework.security.web.context.SecurityContextPersistenceFilter.doFilter(SecurityContextPersistenceFilter.java:82)
	at org.springframework.security.web.FilterChainProxy$VirtualFilterChain.doFilter(FilterChainProxy.java:346)
	at org.springframework.security.web.context.request.async.WebAsyncManagerIntegrationFilter.doFilterInternal(WebAsyncManagerIntegrationFilter.java:55)
	at org.springframework.web.filter.OncePerRequestFilter.doFilter(OncePerRequestFilter.java:117)
	at org.springframework.security.web.FilterChainProxy$VirtualFilterChain.doFilter(FilterChainProxy.java:346)
	at org.springframework.security.web.session.DisableEncodeUrlFilter.doFilterInternal(DisableEncodeUrlFilter.java:42)
	at org.springframework.web.filter.OncePerRequestFilter.doFilter(OncePerRequestFilter.java:117)
	at org.springframework.security.web.FilterChainProxy$VirtualFilterChain.doFilter(FilterChainProxy.java:346)
	at org.springframework.security.web.FilterChainProxy.doFilterInternal(FilterChainProxy.java:221)
	at org.springframework.security.web.FilterChainProxy.doFilter(FilterChainProxy.java:186)
	at org.springframework.web.filter.DelegatingFilterProxy.invokeDelegate(DelegatingFilterProxy.java:354)
	at org.springframework.web.filter.DelegatingFilterProxy.doFilter(DelegatingFilterProxy.java:267)
	at org.apache.catalina.core.ApplicationFilterChain.internalDoFilter(ApplicationFilterChain.java:178)
	at org.apache.catalina.core.ApplicationFilterChain.doFilter(ApplicationFilterChain.java:153)
	at org.springframework.web.filter.RequestContextFilter.doFilterInternal(RequestContextFilter.java:100)
	at org.springframework.web.filter.OncePerRequestFilter.doFilter(OncePerRequestFilter.java:117)
	at org.apache.catalina.core.ApplicationFilterChain.internalDoFilter(ApplicationFilterChain.java:178)
	at org.apache.catalina.core.ApplicationFilterChain.doFilter(ApplicationFilterChain.java:153)
	at org.springframework.web.filter.FormContentFilter.doFilterInternal(FormContentFilter.java:93)
	at org.springframework.web.filter.OncePerRequestFilter.doFilter(OncePerRequestFilter.java:117)
	at org.apache.catalina.core.ApplicationFilterChain.internalDoFilter(ApplicationFilterChain.java:178)
	at org.apache.catalina.core.ApplicationFilterChain.doFilter(ApplicationFilterChain.java:153)
	at org.springframework.web.filter.CharacterEncodingFilter.doFilterInternal(CharacterEncodingFilter.java:201)
	at org.springframework.web.filter.OncePerRequestFilter.doFilter(OncePerRequestFilter.java:117)
	at org.apache.catalina.core.ApplicationFilterChain.internalDoFilter(ApplicationFilterChain.java:178)
	at org.apache.catalina.core.ApplicationFilterChain.doFilter(ApplicationFilterChain.java:153)
	at org.apache.catalina.core.StandardWrapperValve.invoke(StandardWrapperValve.java:167)
	at org.apache.catalina.core.StandardContextValve.invoke(StandardContextValve.java:90)
	at org.apache.catalina.authenticator.AuthenticatorBase.invoke(AuthenticatorBase.java:492)
	at org.apache.catalina.core.StandardHostValve.invoke(StandardHostValve.java:130)
	at org.apache.catalina.valves.ErrorReportValve.invoke(ErrorReportValve.java:93)
	at org.apache.catalina.core.StandardEngineValve.invoke(StandardEngineValve.java:74)
	at org.apache.catalina.connector.CoyoteAdapter.service(CoyoteAdapter.java:343)
	at org.apache.coyote.http11.Http11Processor.service(Http11Processor.java:389)
	at org.apache.coyote.AbstractProcessorLight.process(AbstractProcessorLight.java:63)
	at org.apache.coyote.AbstractProtocol$ConnectionHandler.process(AbstractProtocol.java:926)
	at org.apache.tomcat.util.net.NioEndpoint$SocketProcessor.doRun(NioEndpoint.java:1791)
	at org.apache.tomcat.util.net.SocketProcessorBase.run(SocketProcessorBase.java:49)
	at org.apache.tomcat.util.threads.ThreadPoolExecutor.runWorker(ThreadPoolExecutor.java:1191)
	at org.apache.tomcat.util.threads.ThreadPoolExecutor$Worker.run(ThreadPoolExecutor.java:659)
	at org.apache.tomcat.util.threads.TaskThread$WrappingRunnable.run(TaskThread.java:61)
	at java.lang.Thread.run(Thread.java:748)
Caused by: org.springframework.dao.EmptyResultDataAccessException: Incorrect result size: expected 1, actual 0
	at org.springframework.dao.support.DataAccessUtils.nullableSingleResult(DataAccessUtils.java:97)
	at org.springframework.jdbc.core.JdbcTemplate.queryForObject(JdbcTemplate.java:880)
	at com.springjdbc.driver.security.TransactionOfficialService.findByUsername(TransactionOfficialService.java:25)
	at com.springjdbc.driver.security.TransactionOfficialService.loadUserByUsername(TransactionOfficialService.java:32)
	at org.springframework.security.authentication.dao.DaoAuthenticationProvider.retrieveUser(DaoAuthenticationProvider.java:94)
	... 59 common frames omitted
