[31m2024-04-24 16:56:08,168[0;39m [32m[INFO][0;39m com.thymeleaf.transaction.TransactionApplication main [32mStarting TransactionApplication using Java 1.8.0_292 on WPF45CTT7 with PID 12772 (C:\DLTE-JAVA-FULL-STACK-ARUNDHATHI-NAYAK-2024\DLTE-SPRING\SPRINGBOOT-TASKS\Spring_Boot_Thymeleaf_build_submission_newTransaction\target\classes started by xxnayaka in C:\DLTE-JAVA-FULL-STACK-ARUNDHATHI-NAYAK-2024\DLTE-SPRING\SPRINGBOOT-TASKS\Spring_Boot_Thymeleaf_build_submission_newTransaction)
[0;39m[31m2024-04-24 16:56:08,168[0;39m [32m[INFO][0;39m com.thymeleaf.transaction.TransactionApplication main [32mNo active profile set, falling back to 1 default profile: "default"
[0;39m[31m2024-04-24 16:56:08,702[0;39m [32m[INFO][0;39m org.springframework.data.repository.config.RepositoryConfigurationDelegate main [32mBootstrapping Spring Data JDBC repositories in DEFAULT mode.
[0;39m[31m2024-04-24 16:56:08,702[0;39m [32m[INFO][0;39m org.springframework.data.repository.config.RepositoryConfigurationDelegate main [32mFinished Spring Data repository scanning in 4 ms. Found 0 JDBC repository interfaces.
[0;39m[31m2024-04-24 16:56:09,039[0;39m [32m[INFO][0;39m org.springframework.boot.web.embedded.tomcat.TomcatWebServer main [32mTomcat initialized with port(s): 8082 (http)
[0;39m[31m2024-04-24 16:56:09,053[0;39m [32m[INFO][0;39m org.apache.catalina.core.StandardService main [32mStarting service [Tomcat]
[0;39m[31m2024-04-24 16:56:09,053[0;39m [32m[INFO][0;39m org.apache.catalina.core.StandardEngine main [32mStarting Servlet engine: [Apache Tomcat/9.0.73]
[0;39m[31m2024-04-24 16:56:09,128[0;39m [32m[INFO][0;39m org.apache.catalina.core.ContainerBase.[Tomcat].[localhost].[/] main [32mInitializing Spring embedded WebApplicationContext
[0;39m[31m2024-04-24 16:56:09,128[0;39m [32m[INFO][0;39m org.springframework.boot.web.servlet.context.ServletWebServerApplicationContext main [32mRoot WebApplicationContext: initialization completed in 898 ms
[0;39m[31m2024-04-24 16:56:09,175[0;39m [32m[WARN][0;39m org.springframework.boot.web.servlet.context.AnnotationConfigServletWebServerApplicationContext main [32mException encountered during context initialization - cancelling refresh attempt: org.springframework.beans.factory.UnsatisfiedDependencyException: Error creating bean with name 'myTransactionController': Unsatisfied dependency expressed through field 'transactionServices'; nested exception is org.springframework.beans.factory.NoSuchBeanDefinitionException: No qualifying bean of type 'com.springjdbc.driver.service.TransactionService' available: expected at least 1 bean which qualifies as autowire candidate. Dependency annotations: {@org.springframework.beans.factory.annotation.Autowired(required=true)}
[0;39m[31m2024-04-24 16:56:09,175[0;39m [32m[INFO][0;39m org.apache.catalina.core.StandardService main [32mStopping service [Tomcat]
[0;39m[31m2024-04-24 16:56:09,206[0;39m [32m[INFO][0;39m org.springframework.boot.autoconfigure.logging.ConditionEvaluationReportLoggingListener main [32m

Error starting ApplicationContext. To display the conditions report re-run your application with 'debug' enabled.
[0;39m[31m2024-04-24 16:56:09,207[0;39m [32m[ERROR][0;39m org.springframework.boot.diagnostics.LoggingFailureAnalysisReporter main [32m

***************************
APPLICATION FAILED TO START
***************************

Description:

Field transactionServices in com.thymeleaf.transaction.MyTransactionController required a bean of type 'com.springjdbc.driver.service.TransactionService' that could not be found.

The injection point has the following annotations:
	- @org.springframework.beans.factory.annotation.Autowired(required=true)


Action:

Consider defining a bean of type 'com.springjdbc.driver.service.TransactionService' in your configuration.

[0;39m[31m2024-04-24 16:57:52,509[0;39m [32m[INFO][0;39m com.thymeleaf.transaction.TransactionApplication main [32mStarting TransactionApplication using Java 1.8.0_292 on WPF45CTT7 with PID 25796 (C:\DLTE-JAVA-FULL-STACK-ARUNDHATHI-NAYAK-2024\DLTE-SPRING\SPRINGBOOT-TASKS\Spring_Boot_Thymeleaf_build_submission_newTransaction\target\classes started by xxnayaka in C:\DLTE-JAVA-FULL-STACK-ARUNDHATHI-NAYAK-2024\DLTE-SPRING\SPRINGBOOT-TASKS\Spring_Boot_Thymeleaf_build_submission_newTransaction)
[0;39m[31m2024-04-24 16:57:52,525[0;39m [32m[INFO][0;39m com.thymeleaf.transaction.TransactionApplication main [32mNo active profile set, falling back to 1 default profile: "default"
[0;39m[31m2024-04-24 16:57:53,043[0;39m [32m[INFO][0;39m org.springframework.data.repository.config.RepositoryConfigurationDelegate main [32mBootstrapping Spring Data JDBC repositories in DEFAULT mode.
[0;39m[31m2024-04-24 16:57:53,043[0;39m [32m[INFO][0;39m org.springframework.data.repository.config.RepositoryConfigurationDelegate main [32mFinished Spring Data repository scanning in 5 ms. Found 0 JDBC repository interfaces.
[0;39m[31m2024-04-24 16:57:53,389[0;39m [32m[INFO][0;39m org.springframework.boot.web.embedded.tomcat.TomcatWebServer main [32mTomcat initialized with port(s): 8082 (http)
[0;39m[31m2024-04-24 16:57:53,389[0;39m [32m[INFO][0;39m org.apache.catalina.core.StandardService main [32mStarting service [Tomcat]
[0;39m[31m2024-04-24 16:57:53,389[0;39m [32m[INFO][0;39m org.apache.catalina.core.StandardEngine main [32mStarting Servlet engine: [Apache Tomcat/9.0.73]
[0;39m[31m2024-04-24 16:57:53,468[0;39m [32m[INFO][0;39m org.apache.catalina.core.ContainerBase.[Tomcat].[localhost].[/] main [32mInitializing Spring embedded WebApplicationContext
[0;39m[31m2024-04-24 16:57:53,468[0;39m [32m[INFO][0;39m org.springframework.boot.web.servlet.context.ServletWebServerApplicationContext main [32mRoot WebApplicationContext: initialization completed in 912 ms
[0;39m[31m2024-04-24 16:57:53,672[0;39m [32m[INFO][0;39m org.springframework.security.web.DefaultSecurityFilterChain main [32mWill secure any request with [org.springframework.security.web.session.DisableEncodeUrlFilter@3cd206b5, org.springframework.security.web.context.request.async.WebAsyncManagerIntegrationFilter@58e85c6f, org.springframework.security.web.context.SecurityContextPersistenceFilter@67c119b7, org.springframework.security.web.header.HeaderWriterFilter@77010a30, org.springframework.security.web.authentication.logout.LogoutFilter@35dd9ed3, org.springframework.security.web.authentication.UsernamePasswordAuthenticationFilter@359ff4d9, org.springframework.security.web.authentication.ui.DefaultLoginPageGeneratingFilter@58e92c23, org.springframework.security.web.authentication.ui.DefaultLogoutPageGeneratingFilter@a137d7a, org.springframework.security.web.authentication.www.BasicAuthenticationFilter@3cae7b8b, org.springframework.security.web.savedrequest.RequestCacheAwareFilter@6c03fb16, org.springframework.security.web.servletapi.SecurityContextHolderAwareRequestFilter@6de0f580, org.springframework.security.web.authentication.AnonymousAuthenticationFilter@6ac0b715, org.springframework.security.web.session.SessionManagementFilter@12aa4996, org.springframework.security.web.access.ExceptionTranslationFilter@72e789cb, org.springframework.security.web.access.intercept.FilterSecurityInterceptor@6a0cbc6f]
[0;39m[31m2024-04-24 16:57:53,782[0;39m [32m[INFO][0;39m org.springframework.boot.autoconfigure.web.servlet.WelcomePageHandlerMapping main [32mAdding welcome page template: index
[0;39m[31m2024-04-24 16:57:53,925[0;39m [32m[INFO][0;39m com.zaxxer.hikari.HikariDataSource main [32mHikariPool-1 - Starting...
[0;39m[31m2024-04-24 16:57:53,925[0;39m [32m[WARN][0;39m com.zaxxer.hikari.util.DriverDataSource main [32mRegistered driver with driverClassName=oracle.jdbc.driver.OracleDriver was not found, trying direct instantiation.
[0;39m[31m2024-04-24 16:57:54,067[0;39m [32m[INFO][0;39m com.zaxxer.hikari.pool.PoolBase main [32mHikariPool-1 - Driver does not support get/set network timeout for connections. (oracle.jdbc.driver.T4CConnection.getNetworkTimeout()I)
[0;39m[31m2024-04-24 16:57:54,067[0;39m [32m[INFO][0;39m com.zaxxer.hikari.HikariDataSource main [32mHikariPool-1 - Start completed.
[0;39m[31m2024-04-24 16:57:54,177[0;39m [32m[INFO][0;39m org.springframework.boot.web.embedded.tomcat.TomcatWebServer main [32mTomcat started on port(s): 8082 (http) with context path ''
[0;39m[31m2024-04-24 16:57:54,177[0;39m [32m[INFO][0;39m com.thymeleaf.transaction.TransactionApplication main [32mStarted TransactionApplication in 1.998 seconds (JVM running for 2.611)
[0;39m[31m2024-04-24 16:58:18,156[0;39m [32m[INFO][0;39m org.apache.catalina.core.ContainerBase.[Tomcat].[localhost].[/] http-nio-8082-exec-1 [32mInitializing Spring DispatcherServlet 'dispatcherServlet'
[0;39m[31m2024-04-24 16:58:18,157[0;39m [32m[INFO][0;39m org.springframework.web.servlet.DispatcherServlet http-nio-8082-exec-1 [32mInitializing Servlet 'dispatcherServlet'
[0;39m[31m2024-04-24 16:58:18,159[0;39m [32m[INFO][0;39m org.springframework.web.servlet.DispatcherServlet http-nio-8082-exec-1 [32mCompleted initialization in 2 ms
[0;39m[31m2024-04-24 16:59:31,002[0;39m [32m[ERROR][0;39m org.springframework.security.web.authentication.UsernamePasswordAuthenticationFilter http-nio-8082-exec-5 [32mAn internal error occurred while trying to authenticate the user.
[0;39morg.springframework.security.authentication.InternalAuthenticationServiceException: PreparedStatementCallback; bad SQL grammar [select * from Transaction_credential where username=?]; nested exception is java.sql.SQLSyntaxErrorException: ORA-00942: table or view does not exist

	at org.springframework.security.authentication.dao.DaoAuthenticationProvider.retrieveUser(DaoAuthenticationProvider.java:109)
	at org.springframework.security.authentication.dao.AbstractUserDetailsAuthenticationProvider.authenticate(AbstractUserDetailsAuthenticationProvider.java:133)
	at org.springframework.security.authentication.ProviderManager.authenticate(ProviderManager.java:182)
	at org.springframework.security.web.authentication.UsernamePasswordAuthenticationFilter.attemptAuthentication(UsernamePasswordAuthenticationFilter.java:85)
	at org.springframework.security.web.authentication.AbstractAuthenticationProcessingFilter.doFilter(AbstractAuthenticationProcessingFilter.java:227)
	at org.springframework.security.web.authentication.AbstractAuthenticationProcessingFilter.doFilter(AbstractAuthenticationProcessingFilter.java:217)
	at org.springframework.security.web.FilterChainProxy$VirtualFilterChain.doFilter(FilterChainProxy.java:346)
	at org.springframework.security.web.authentication.logout.LogoutFilter.doFilter(LogoutFilter.java:103)
	at org.springframework.security.web.authentication.logout.LogoutFilter.doFilter(LogoutFilter.java:89)
	at org.springframework.security.web.FilterChainProxy$VirtualFilterChain.doFilter(FilterChainProxy.java:346)
	at org.springframework.security.web.header.HeaderWriterFilter.doHeadersAfter(HeaderWriterFilter.java:90)
	at org.springframework.security.web.header.HeaderWriterFilter.doFilterInternal(HeaderWriterFilter.java:75)
	at org.springframework.web.filter.OncePerRequestFilter.doFilter(OncePerRequestFilter.java:117)
	at org.springframework.security.web.FilterChainProxy$VirtualFilterChain.doFilter(FilterChainProxy.java:346)
	at org.springframework.security.web.context.SecurityContextPersistenceFilter.doFilter(SecurityContextPersistenceFilter.java:112)
	at org.springframework.security.web.context.SecurityContextPersistenceFilter.doFilter(SecurityContextPersistenceFilter.java:82)
	at org.springframework.security.web.FilterChainProxy$VirtualFilterChain.doFilter(FilterChainProxy.java:346)
	at org.springframework.security.web.context.request.async.WebAsyncManagerIntegrationFilter.doFilterInternal(WebAsyncManagerIntegrationFilter.java:55)
	at org.springframework.web.filter.OncePerRequestFilter.doFilter(OncePerRequestFilter.java:117)
	at org.springframework.security.web.FilterChainProxy$VirtualFilterChain.doFilter(FilterChainProxy.java:346)
	at org.springframework.security.web.session.DisableEncodeUrlFilter.doFilterInternal(DisableEncodeUrlFilter.java:42)
	at org.springframework.web.filter.OncePerRequestFilter.doFilter(OncePerRequestFilter.java:117)
	at org.springframework.security.web.FilterChainProxy$VirtualFilterChain.doFilter(FilterChainProxy.java:346)
	at org.springframework.security.web.FilterChainProxy.doFilterInternal(FilterChainProxy.java:221)
	at org.springframework.security.web.FilterChainProxy.doFilter(FilterChainProxy.java:186)
	at org.springframework.web.filter.DelegatingFilterProxy.invokeDelegate(DelegatingFilterProxy.java:354)
	at org.springframework.web.filter.DelegatingFilterProxy.doFilter(DelegatingFilterProxy.java:267)
	at org.apache.catalina.core.ApplicationFilterChain.internalDoFilter(ApplicationFilterChain.java:178)
	at org.apache.catalina.core.ApplicationFilterChain.doFilter(ApplicationFilterChain.java:153)
	at org.springframework.web.filter.RequestContextFilter.doFilterInternal(RequestContextFilter.java:100)
	at org.springframework.web.filter.OncePerRequestFilter.doFilter(OncePerRequestFilter.java:117)
	at org.apache.catalina.core.ApplicationFilterChain.internalDoFilter(ApplicationFilterChain.java:178)
	at org.apache.catalina.core.ApplicationFilterChain.doFilter(ApplicationFilterChain.java:153)
	at org.springframework.web.filter.FormContentFilter.doFilterInternal(FormContentFilter.java:93)
	at org.springframework.web.filter.OncePerRequestFilter.doFilter(OncePerRequestFilter.java:117)
	at org.apache.catalina.core.ApplicationFilterChain.internalDoFilter(ApplicationFilterChain.java:178)
	at org.apache.catalina.core.ApplicationFilterChain.doFilter(ApplicationFilterChain.java:153)
	at org.springframework.web.filter.CharacterEncodingFilter.doFilterInternal(CharacterEncodingFilter.java:201)
	at org.springframework.web.filter.OncePerRequestFilter.doFilter(OncePerRequestFilter.java:117)
	at org.apache.catalina.core.ApplicationFilterChain.internalDoFilter(ApplicationFilterChain.java:178)
	at org.apache.catalina.core.ApplicationFilterChain.doFilter(ApplicationFilterChain.java:153)
	at org.apache.catalina.core.StandardWrapperValve.invoke(StandardWrapperValve.java:167)
	at org.apache.catalina.core.StandardContextValve.invoke(StandardContextValve.java:90)
	at org.apache.catalina.authenticator.AuthenticatorBase.invoke(AuthenticatorBase.java:492)
	at org.apache.catalina.core.StandardHostValve.invoke(StandardHostValve.java:130)
	at org.apache.catalina.valves.ErrorReportValve.invoke(ErrorReportValve.java:93)
	at org.apache.catalina.core.StandardEngineValve.invoke(StandardEngineValve.java:74)
	at org.apache.catalina.connector.CoyoteAdapter.service(CoyoteAdapter.java:343)
	at org.apache.coyote.http11.Http11Processor.service(Http11Processor.java:389)
	at org.apache.coyote.AbstractProcessorLight.process(AbstractProcessorLight.java:63)
	at org.apache.coyote.AbstractProtocol$ConnectionHandler.process(AbstractProtocol.java:926)
	at org.apache.tomcat.util.net.NioEndpoint$SocketProcessor.doRun(NioEndpoint.java:1791)
	at org.apache.tomcat.util.net.SocketProcessorBase.run(SocketProcessorBase.java:49)
	at org.apache.tomcat.util.threads.ThreadPoolExecutor.runWorker(ThreadPoolExecutor.java:1191)
	at org.apache.tomcat.util.threads.ThreadPoolExecutor$Worker.run(ThreadPoolExecutor.java:659)
	at org.apache.tomcat.util.threads.TaskThread$WrappingRunnable.run(TaskThread.java:61)
	at java.lang.Thread.run(Thread.java:748)
Caused by: org.springframework.jdbc.BadSqlGrammarException: PreparedStatementCallback; bad SQL grammar [select * from Transaction_credential where username=?]; nested exception is java.sql.SQLSyntaxErrorException: ORA-00942: table or view does not exist

	at org.springframework.jdbc.support.SQLErrorCodeSQLExceptionTranslator.doTranslate(SQLErrorCodeSQLExceptionTranslator.java:239)
	at org.springframework.jdbc.support.AbstractFallbackSQLExceptionTranslator.translate(AbstractFallbackSQLExceptionTranslator.java:70)
	at org.springframework.jdbc.core.JdbcTemplate.translateException(JdbcTemplate.java:1541)
	at org.springframework.jdbc.core.JdbcTemplate.execute(JdbcTemplate.java:667)
	at org.springframework.jdbc.core.JdbcTemplate.query(JdbcTemplate.java:713)
	at org.springframework.jdbc.core.JdbcTemplate.query(JdbcTemplate.java:744)
	at org.springframework.jdbc.core.JdbcTemplate.query(JdbcTemplate.java:757)
	at org.springframework.jdbc.core.JdbcTemplate.queryForObject(JdbcTemplate.java:879)
	at com.springjdbc.driver.security.TransactionOfficialService.findByUsername(TransactionOfficialService.java:25)
	at com.springjdbc.driver.security.TransactionOfficialService.loadUserByUsername(TransactionOfficialService.java:32)
	at org.springframework.security.authentication.dao.DaoAuthenticationProvider.retrieveUser(DaoAuthenticationProvider.java:94)
	... 56 common frames omitted
Caused by: java.sql.SQLSyntaxErrorException: ORA-00942: table or view does not exist

	at oracle.jdbc.driver.T4CTTIoer.processError(T4CTTIoer.java:447)
	at oracle.jdbc.driver.T4CTTIoer.processError(T4CTTIoer.java:396)
	at oracle.jdbc.driver.T4C8Oall.processError(T4C8Oall.java:951)
	at oracle.jdbc.driver.T4CTTIfun.receive(T4CTTIfun.java:513)
	at oracle.jdbc.driver.T4CTTIfun.doRPC(T4CTTIfun.java:227)
	at oracle.jdbc.driver.T4C8Oall.doOALL(T4C8Oall.java:531)
	at oracle.jdbc.driver.T4CPreparedStatement.doOall8(T4CPreparedStatement.java:208)
	at oracle.jdbc.driver.T4CPreparedStatement.executeForDescribe(T4CPreparedStatement.java:886)
	at oracle.jdbc.driver.OracleStatement.executeMaybeDescribe(OracleStatement.java:1175)
	at oracle.jdbc.driver.OracleStatement.doExecuteWithTimeout(OracleStatement.java:1296)
	at oracle.jdbc.driver.OraclePreparedStatement.executeInternal(OraclePreparedStatement.java:3613)
	at oracle.jdbc.driver.OraclePreparedStatement.executeQuery(OraclePreparedStatement.java:3657)
	at oracle.jdbc.driver.OraclePreparedStatementWrapper.executeQuery(OraclePreparedStatementWrapper.java:1495)
	at com.zaxxer.hikari.pool.ProxyPreparedStatement.executeQuery(ProxyPreparedStatement.java:52)
	at com.zaxxer.hikari.pool.HikariProxyPreparedStatement.executeQuery(HikariProxyPreparedStatement.java)
	at org.springframework.jdbc.core.JdbcTemplate$1.doInPreparedStatement(JdbcTemplate.java:722)
	at org.springframework.jdbc.core.JdbcTemplate.execute(JdbcTemplate.java:651)
	... 63 common frames omitted
[31m2024-04-24 17:00:21,032[0;39m [32m[INFO][0;39m com.thymeleaf.transaction.TransactionApplication main [32mStarting TransactionApplication using Java 1.8.0_292 on WPF45CTT7 with PID 17928 (C:\DLTE-JAVA-FULL-STACK-ARUNDHATHI-NAYAK-2024\DLTE-SPRING\SPRINGBOOT-TASKS\Spring_Boot_Thymeleaf_build_submission_newTransaction\target\classes started by xxnayaka in C:\DLTE-JAVA-FULL-STACK-ARUNDHATHI-NAYAK-2024\DLTE-SPRING\SPRINGBOOT-TASKS\Spring_Boot_Thymeleaf_build_submission_newTransaction)
[0;39m[31m2024-04-24 17:00:21,037[0;39m [32m[INFO][0;39m com.thymeleaf.transaction.TransactionApplication main [32mNo active profile set, falling back to 1 default profile: "default"
[0;39m[31m2024-04-24 17:00:21,557[0;39m [32m[INFO][0;39m org.springframework.data.repository.config.RepositoryConfigurationDelegate main [32mBootstrapping Spring Data JDBC repositories in DEFAULT mode.
[0;39m[31m2024-04-24 17:00:21,557[0;39m [32m[INFO][0;39m org.springframework.data.repository.config.RepositoryConfigurationDelegate main [32mFinished Spring Data repository scanning in 5 ms. Found 0 JDBC repository interfaces.
[0;39m[31m2024-04-24 17:00:21,903[0;39m [32m[INFO][0;39m org.springframework.boot.web.embedded.tomcat.TomcatWebServer main [32mTomcat initialized with port(s): 8082 (http)
[0;39m[31m2024-04-24 17:00:21,903[0;39m [32m[INFO][0;39m org.apache.catalina.core.StandardService main [32mStarting service [Tomcat]
[0;39m[31m2024-04-24 17:00:21,903[0;39m [32m[INFO][0;39m org.apache.catalina.core.StandardEngine main [32mStarting Servlet engine: [Apache Tomcat/9.0.73]
[0;39m[31m2024-04-24 17:00:21,998[0;39m [32m[INFO][0;39m org.apache.catalina.core.ContainerBase.[Tomcat].[localhost].[/] main [32mInitializing Spring embedded WebApplicationContext
[0;39m[31m2024-04-24 17:00:21,998[0;39m [32m[INFO][0;39m org.springframework.boot.web.servlet.context.ServletWebServerApplicationContext main [32mRoot WebApplicationContext: initialization completed in 924 ms
[0;39m[31m2024-04-24 17:00:22,187[0;39m [32m[INFO][0;39m org.springframework.security.web.DefaultSecurityFilterChain main [32mWill secure any request with [org.springframework.security.web.session.DisableEncodeUrlFilter@3cd206b5, org.springframework.security.web.context.request.async.WebAsyncManagerIntegrationFilter@58e85c6f, org.springframework.security.web.context.SecurityContextPersistenceFilter@67c119b7, org.springframework.security.web.header.HeaderWriterFilter@77010a30, org.springframework.security.web.authentication.logout.LogoutFilter@35dd9ed3, org.springframework.security.web.authentication.UsernamePasswordAuthenticationFilter@359ff4d9, org.springframework.security.web.authentication.ui.DefaultLoginPageGeneratingFilter@58e92c23, org.springframework.security.web.authentication.ui.DefaultLogoutPageGeneratingFilter@a137d7a, org.springframework.security.web.authentication.www.BasicAuthenticationFilter@3cae7b8b, org.springframework.security.web.savedrequest.RequestCacheAwareFilter@6c03fb16, org.springframework.security.web.servletapi.SecurityContextHolderAwareRequestFilter@6de0f580, org.springframework.security.web.authentication.AnonymousAuthenticationFilter@6ac0b715, org.springframework.security.web.session.SessionManagementFilter@12aa4996, org.springframework.security.web.access.ExceptionTranslationFilter@72e789cb, org.springframework.security.web.access.intercept.FilterSecurityInterceptor@6a0cbc6f]
[0;39m[31m2024-04-24 17:00:22,297[0;39m [32m[INFO][0;39m org.springframework.boot.autoconfigure.web.servlet.WelcomePageHandlerMapping main [32mAdding welcome page template: index
[0;39m[31m2024-04-24 17:00:22,439[0;39m [32m[INFO][0;39m com.zaxxer.hikari.HikariDataSource main [32mHikariPool-1 - Starting...
[0;39m[31m2024-04-24 17:00:22,439[0;39m [32m[WARN][0;39m com.zaxxer.hikari.util.DriverDataSource main [32mRegistered driver with driverClassName=oracle.jdbc.driver.OracleDriver was not found, trying direct instantiation.
[0;39m[31m2024-04-24 17:00:22,502[0;39m [32m[INFO][0;39m com.zaxxer.hikari.pool.PoolBase main [32mHikariPool-1 - Driver does not support get/set network timeout for connections. (oracle.jdbc.driver.T4CConnection.getNetworkTimeout()I)
[0;39m[31m2024-04-24 17:00:22,517[0;39m [32m[INFO][0;39m com.zaxxer.hikari.HikariDataSource main [32mHikariPool-1 - Start completed.
[0;39m[31m2024-04-24 17:00:22,612[0;39m [32m[INFO][0;39m org.springframework.boot.web.embedded.tomcat.TomcatWebServer main [32mTomcat started on port(s): 8082 (http) with context path ''
[0;39m[31m2024-04-24 17:00:22,612[0;39m [32m[INFO][0;39m com.thymeleaf.transaction.TransactionApplication main [32mStarted TransactionApplication in 1.899 seconds (JVM running for 2.532)
[0;39m[31m2024-04-24 17:00:45,116[0;39m [32m[INFO][0;39m org.apache.catalina.core.ContainerBase.[Tomcat].[localhost].[/] http-nio-8082-exec-1 [32mInitializing Spring DispatcherServlet 'dispatcherServlet'
[0;39m[31m2024-04-24 17:00:45,116[0;39m [32m[INFO][0;39m org.springframework.web.servlet.DispatcherServlet http-nio-8082-exec-1 [32mInitializing Servlet 'dispatcherServlet'
[0;39m[31m2024-04-24 17:00:45,117[0;39m [32m[INFO][0;39m org.springframework.web.servlet.DispatcherServlet http-nio-8082-exec-1 [32mCompleted initialization in 0 ms
[0;39m[31m2024-04-24 17:05:08,054[0;39m [32m[INFO][0;39m com.thymeleaf.transaction.TransactionApplication main [32mStarting TransactionApplication using Java 1.8.0_292 on WPF45CTT7 with PID 21872 (C:\DLTE-JAVA-FULL-STACK-ARUNDHATHI-NAYAK-2024\DLTE-SPRING\SPRINGBOOT-TASKS\Spring_Boot_Thymeleaf_build_submission_newTransaction\target\classes started by xxnayaka in C:\DLTE-JAVA-FULL-STACK-ARUNDHATHI-NAYAK-2024\DLTE-SPRING\SPRINGBOOT-TASKS\Spring_Boot_Thymeleaf_build_submission_newTransaction)
[0;39m[31m2024-04-24 17:05:08,055[0;39m [32m[INFO][0;39m com.thymeleaf.transaction.TransactionApplication main [32mNo active profile set, falling back to 1 default profile: "default"
[0;39m[31m2024-04-24 17:05:08,890[0;39m [32m[INFO][0;39m org.springframework.data.repository.config.RepositoryConfigurationDelegate main [32mBootstrapping Spring Data JDBC repositories in DEFAULT mode.
[0;39m[31m2024-04-24 17:05:08,906[0;39m [32m[INFO][0;39m org.springframework.data.repository.config.RepositoryConfigurationDelegate main [32mFinished Spring Data repository scanning in 9 ms. Found 0 JDBC repository interfaces.
[0;39m[31m2024-04-24 17:05:09,346[0;39m [32m[INFO][0;39m org.springframework.boot.web.embedded.tomcat.TomcatWebServer main [32mTomcat initialized with port(s): 8082 (http)
[0;39m[31m2024-04-24 17:05:09,346[0;39m [32m[INFO][0;39m org.apache.catalina.core.StandardService main [32mStarting service [Tomcat]
[0;39m[31m2024-04-24 17:05:09,346[0;39m [32m[INFO][0;39m org.apache.catalina.core.StandardEngine main [32mStarting Servlet engine: [Apache Tomcat/9.0.73]
[0;39m[31m2024-04-24 17:05:09,457[0;39m [32m[INFO][0;39m org.apache.catalina.core.ContainerBase.[Tomcat].[localhost].[/] main [32mInitializing Spring embedded WebApplicationContext
[0;39m[31m2024-04-24 17:05:09,457[0;39m [32m[INFO][0;39m org.springframework.boot.web.servlet.context.ServletWebServerApplicationContext main [32mRoot WebApplicationContext: initialization completed in 1339 ms
[0;39m[31m2024-04-24 17:05:09,708[0;39m [32m[INFO][0;39m org.springframework.security.web.DefaultSecurityFilterChain main [32mWill secure any request with [org.springframework.security.web.session.DisableEncodeUrlFilter@1431267b, org.springframework.security.web.context.request.async.WebAsyncManagerIntegrationFilter@342726f1, org.springframework.security.web.context.SecurityContextPersistenceFilter@2ca5f1ed, org.springframework.security.web.header.HeaderWriterFilter@4bb003e9, org.springframework.security.web.authentication.logout.LogoutFilter@8ff5094, org.springframework.security.web.authentication.UsernamePasswordAuthenticationFilter@7a22a3c2, org.springframework.security.web.authentication.ui.DefaultLoginPageGeneratingFilter@3e7545e8, org.springframework.security.web.authentication.ui.DefaultLogoutPageGeneratingFilter@c808207, org.springframework.security.web.authentication.www.BasicAuthenticationFilter@184dbacc, org.springframework.security.web.savedrequest.RequestCacheAwareFilter@28348c6, org.springframework.security.web.servletapi.SecurityContextHolderAwareRequestFilter@6e495b48, org.springframework.security.web.authentication.AnonymousAuthenticationFilter@77134e08, org.springframework.security.web.session.SessionManagementFilter@18eec010, org.springframework.security.web.access.ExceptionTranslationFilter@7c1812b3, org.springframework.security.web.access.intercept.FilterSecurityInterceptor@7d070ef5]
[0;39m[31m2024-04-24 17:05:09,865[0;39m [32m[INFO][0;39m org.springframework.boot.autoconfigure.web.servlet.WelcomePageHandlerMapping main [32mAdding welcome page template: index
[0;39m[31m2024-04-24 17:05:10,054[0;39m [32m[INFO][0;39m com.zaxxer.hikari.HikariDataSource main [32mHikariPool-1 - Starting...
[0;39m[31m2024-04-24 17:05:10,058[0;39m [32m[WARN][0;39m com.zaxxer.hikari.util.DriverDataSource main [32mRegistered driver with driverClassName=oracle.jdbc.driver.OracleDriver was not found, trying direct instantiation.
[0;39m[31m2024-04-24 17:05:10,133[0;39m [32m[INFO][0;39m com.zaxxer.hikari.pool.PoolBase main [32mHikariPool-1 - Driver does not support get/set network timeout for connections. (oracle.jdbc.driver.T4CConnection.getNetworkTimeout()I)
[0;39m[31m2024-04-24 17:05:10,133[0;39m [32m[INFO][0;39m com.zaxxer.hikari.HikariDataSource main [32mHikariPool-1 - Start completed.
[0;39m[31m2024-04-24 17:05:10,259[0;39m [32m[INFO][0;39m org.springframework.boot.web.embedded.tomcat.TomcatWebServer main [32mTomcat started on port(s): 8082 (http) with context path ''
[0;39m[31m2024-04-24 17:05:10,259[0;39m [32m[INFO][0;39m com.thymeleaf.transaction.TransactionApplication main [32mStarted TransactionApplication in 2.728 seconds (JVM running for 3.674)
[0;39m[31m2024-04-24 17:05:14,972[0;39m [32m[INFO][0;39m org.apache.catalina.core.ContainerBase.[Tomcat].[localhost].[/] http-nio-8082-exec-1 [32mInitializing Spring DispatcherServlet 'dispatcherServlet'
[0;39m[31m2024-04-24 17:05:14,988[0;39m [32m[INFO][0;39m org.springframework.web.servlet.DispatcherServlet http-nio-8082-exec-1 [32mInitializing Servlet 'dispatcherServlet'
[0;39m[31m2024-04-24 17:05:14,989[0;39m [32m[INFO][0;39m org.springframework.web.servlet.DispatcherServlet http-nio-8082-exec-1 [32mCompleted initialization in 1 ms
[0;39m[31m2024-04-24 17:07:35,837[0;39m [32m[INFO][0;39m com.thymeleaf.transaction.TransactionApplication main [32mStarting TransactionApplication using Java 1.8.0_292 on WPF45CTT7 with PID 14276 (C:\DLTE-JAVA-FULL-STACK-ARUNDHATHI-NAYAK-2024\DLTE-SPRING\SPRINGBOOT-TASKS\Spring_Boot_Thymeleaf_build_submission_newTransaction\target\classes started by xxnayaka in C:\DLTE-JAVA-FULL-STACK-ARUNDHATHI-NAYAK-2024\DLTE-SPRING\SPRINGBOOT-TASKS\Spring_Boot_Thymeleaf_build_submission_newTransaction)
[0;39m[31m2024-04-24 17:07:35,837[0;39m [32m[INFO][0;39m com.thymeleaf.transaction.TransactionApplication main [32mNo active profile set, falling back to 1 default profile: "default"
[0;39m[31m2024-04-24 17:07:36,387[0;39m [32m[INFO][0;39m org.springframework.data.repository.config.RepositoryConfigurationDelegate main [32mBootstrapping Spring Data JDBC repositories in DEFAULT mode.
[0;39m[31m2024-04-24 17:07:36,404[0;39m [32m[INFO][0;39m org.springframework.data.repository.config.RepositoryConfigurationDelegate main [32mFinished Spring Data repository scanning in 6 ms. Found 0 JDBC repository interfaces.
[0;39m[31m2024-04-24 17:07:36,733[0;39m [32m[INFO][0;39m org.springframework.boot.web.embedded.tomcat.TomcatWebServer main [32mTomcat initialized with port(s): 8082 (http)
[0;39m[31m2024-04-24 17:07:36,733[0;39m [32m[INFO][0;39m org.apache.catalina.core.StandardService main [32mStarting service [Tomcat]
[0;39m[31m2024-04-24 17:07:36,733[0;39m [32m[INFO][0;39m org.apache.catalina.core.StandardEngine main [32mStarting Servlet engine: [Apache Tomcat/9.0.73]
[0;39m[31m2024-04-24 17:07:36,827[0;39m [32m[INFO][0;39m org.apache.catalina.core.ContainerBase.[Tomcat].[localhost].[/] main [32mInitializing Spring embedded WebApplicationContext
[0;39m[31m2024-04-24 17:07:36,827[0;39m [32m[INFO][0;39m org.springframework.boot.web.servlet.context.ServletWebServerApplicationContext main [32mRoot WebApplicationContext: initialization completed in 943 ms
[0;39m[31m2024-04-24 17:07:37,016[0;39m [32m[INFO][0;39m org.springframework.security.web.DefaultSecurityFilterChain main [32mWill secure any request with [org.springframework.security.web.session.DisableEncodeUrlFilter@2e2f720, org.springframework.security.web.context.request.async.WebAsyncManagerIntegrationFilter@3ae2ed38, org.springframework.security.web.context.SecurityContextPersistenceFilter@43034809, org.springframework.security.web.header.HeaderWriterFilter@6eaa21d8, org.springframework.security.web.authentication.logout.LogoutFilter@5782d777, org.springframework.security.web.authentication.UsernamePasswordAuthenticationFilter@6c8909c3, org.springframework.security.web.authentication.ui.DefaultLoginPageGeneratingFilter@6de0f580, org.springframework.security.web.authentication.ui.DefaultLogoutPageGeneratingFilter@7f572c37, org.springframework.security.web.authentication.www.BasicAuthenticationFilter@8ff5094, org.springframework.security.web.savedrequest.RequestCacheAwareFilter@77010a30, org.springframework.security.web.servletapi.SecurityContextHolderAwareRequestFilter@12aa4996, org.springframework.security.web.authentication.AnonymousAuthenticationFilter@2add4d24, org.springframework.security.web.session.SessionManagementFilter@72e789cb, org.springframework.security.web.access.ExceptionTranslationFilter@3cec79d3, org.springframework.security.web.access.intercept.FilterSecurityInterceptor@26a262d6]
[0;39m[31m2024-04-24 17:07:37,125[0;39m [32m[INFO][0;39m org.springframework.boot.autoconfigure.web.servlet.WelcomePageHandlerMapping main [32mAdding welcome page template: index
[0;39m[31m2024-04-24 17:07:37,282[0;39m [32m[INFO][0;39m com.zaxxer.hikari.HikariDataSource main [32mHikariPool-1 - Starting...
[0;39m[31m2024-04-24 17:07:37,282[0;39m [32m[WARN][0;39m com.zaxxer.hikari.util.DriverDataSource main [32mRegistered driver with driverClassName=oracle.jdbc.driver.OracleDriver was not found, trying direct instantiation.
[0;39m[31m2024-04-24 17:07:37,360[0;39m [32m[INFO][0;39m com.zaxxer.hikari.pool.PoolBase main [32mHikariPool-1 - Driver does not support get/set network timeout for connections. (oracle.jdbc.driver.T4CConnection.getNetworkTimeout()I)
[0;39m[31m2024-04-24 17:07:37,360[0;39m [32m[INFO][0;39m com.zaxxer.hikari.HikariDataSource main [32mHikariPool-1 - Start completed.
[0;39m[31m2024-04-24 17:07:37,455[0;39m [32m[INFO][0;39m org.springframework.boot.web.embedded.tomcat.TomcatWebServer main [32mTomcat started on port(s): 8082 (http) with context path ''
[0;39m[31m2024-04-24 17:07:37,470[0;39m [32m[INFO][0;39m com.thymeleaf.transaction.TransactionApplication main [32mStarted TransactionApplication in 1.931 seconds (JVM running for 2.534)
[0;39m[31m2024-04-24 17:08:49,507[0;39m [32m[INFO][0;39m org.apache.catalina.core.ContainerBase.[Tomcat].[localhost].[/] http-nio-8082-exec-1 [32mInitializing Spring DispatcherServlet 'dispatcherServlet'
[0;39m[31m2024-04-24 17:08:49,508[0;39m [32m[INFO][0;39m org.springframework.web.servlet.DispatcherServlet http-nio-8082-exec-1 [32mInitializing Servlet 'dispatcherServlet'
[0;39m[31m2024-04-24 17:08:49,510[0;39m [32m[INFO][0;39m org.springframework.web.servlet.DispatcherServlet http-nio-8082-exec-1 [32mCompleted initialization in 2 ms
[0;39m[31m2024-04-24 17:12:30,388[0;39m [32m[INFO][0;39m com.thymeleaf.transaction.TransactionApplication main [32mStarting TransactionApplication using Java 1.8.0_292 on WPF45CTT7 with PID 11684 (C:\DLTE-JAVA-FULL-STACK-ARUNDHATHI-NAYAK-2024\DLTE-SPRING\SPRINGBOOT-TASKS\Spring_Boot_Thymeleaf_build_submission_newTransaction\target\classes started by xxnayaka in C:\DLTE-JAVA-FULL-STACK-ARUNDHATHI-NAYAK-2024\DLTE-SPRING\SPRINGBOOT-TASKS\Spring_Boot_Thymeleaf_build_submission_newTransaction)
[0;39m[31m2024-04-24 17:12:30,388[0;39m [32m[INFO][0;39m com.thymeleaf.transaction.TransactionApplication main [32mNo active profile set, falling back to 1 default profile: "default"
[0;39m[31m2024-04-24 17:12:30,989[0;39m [32m[INFO][0;39m org.springframework.data.repository.config.RepositoryConfigurationDelegate main [32mBootstrapping Spring Data JDBC repositories in DEFAULT mode.
[0;39m[31m2024-04-24 17:12:30,999[0;39m [32m[INFO][0;39m org.springframework.data.repository.config.RepositoryConfigurationDelegate main [32mFinished Spring Data repository scanning in 7 ms. Found 0 JDBC repository interfaces.
[0;39m[31m2024-04-24 17:12:31,314[0;39m [32m[INFO][0;39m org.springframework.boot.web.embedded.tomcat.TomcatWebServer main [32mTomcat initialized with port(s): 8082 (http)
[0;39m[31m2024-04-24 17:12:31,330[0;39m [32m[INFO][0;39m org.apache.catalina.core.StandardService main [32mStarting service [Tomcat]
[0;39m[31m2024-04-24 17:12:31,330[0;39m [32m[INFO][0;39m org.apache.catalina.core.StandardEngine main [32mStarting Servlet engine: [Apache Tomcat/9.0.73]
[0;39m[31m2024-04-24 17:12:31,408[0;39m [32m[INFO][0;39m org.apache.catalina.core.ContainerBase.[Tomcat].[localhost].[/] main [32mInitializing Spring embedded WebApplicationContext
[0;39m[31m2024-04-24 17:12:31,408[0;39m [32m[INFO][0;39m org.springframework.boot.web.servlet.context.ServletWebServerApplicationContext main [32mRoot WebApplicationContext: initialization completed in 972 ms
[0;39m[31m2024-04-24 17:12:31,612[0;39m [32m[INFO][0;39m org.springframework.security.web.DefaultSecurityFilterChain main [32mWill secure any request with [org.springframework.security.web.session.DisableEncodeUrlFilter@2e2f720, org.springframework.security.web.context.request.async.WebAsyncManagerIntegrationFilter@3ae2ed38, org.springframework.security.web.context.SecurityContextPersistenceFilter@43034809, org.springframework.security.web.header.HeaderWriterFilter@6eaa21d8, org.springframework.security.web.authentication.logout.LogoutFilter@5782d777, org.springframework.security.web.authentication.UsernamePasswordAuthenticationFilter@6c8909c3, org.springframework.security.web.authentication.ui.DefaultLoginPageGeneratingFilter@6de0f580, org.springframework.security.web.authentication.ui.DefaultLogoutPageGeneratingFilter@7f572c37, org.springframework.security.web.authentication.www.BasicAuthenticationFilter@8ff5094, org.springframework.security.web.savedrequest.RequestCacheAwareFilter@77010a30, org.springframework.security.web.servletapi.SecurityContextHolderAwareRequestFilter@12aa4996, org.springframework.security.web.authentication.AnonymousAuthenticationFilter@2add4d24, org.springframework.security.web.session.SessionManagementFilter@72e789cb, org.springframework.security.web.access.ExceptionTranslationFilter@3cec79d3, org.springframework.security.web.access.intercept.FilterSecurityInterceptor@26a262d6]
[0;39m[31m2024-04-24 17:12:31,721[0;39m [32m[INFO][0;39m org.springframework.boot.autoconfigure.web.servlet.WelcomePageHandlerMapping main [32mAdding welcome page template: index
[0;39m[31m2024-04-24 17:12:31,899[0;39m [32m[INFO][0;39m com.zaxxer.hikari.HikariDataSource main [32mHikariPool-1 - Starting...
[0;39m[31m2024-04-24 17:12:31,901[0;39m [32m[WARN][0;39m com.zaxxer.hikari.util.DriverDataSource main [32mRegistered driver with driverClassName=oracle.jdbc.driver.OracleDriver was not found, trying direct instantiation.
[0;39m[31m2024-04-24 17:12:32,036[0;39m [32m[INFO][0;39m com.zaxxer.hikari.pool.PoolBase main [32mHikariPool-1 - Driver does not support get/set network timeout for connections. (oracle.jdbc.driver.T4CConnection.getNetworkTimeout()I)
[0;39m[31m2024-04-24 17:12:32,051[0;39m [32m[INFO][0;39m com.zaxxer.hikari.HikariDataSource main [32mHikariPool-1 - Start completed.
[0;39m[31m2024-04-24 17:12:32,147[0;39m [32m[INFO][0;39m org.springframework.boot.web.embedded.tomcat.TomcatWebServer main [32mTomcat started on port(s): 8082 (http) with context path ''
[0;39m[31m2024-04-24 17:12:32,162[0;39m [32m[INFO][0;39m com.thymeleaf.transaction.TransactionApplication main [32mStarted TransactionApplication in 2.095 seconds (JVM running for 2.727)
[0;39m[31m2024-04-24 17:12:41,281[0;39m [32m[INFO][0;39m org.apache.catalina.core.ContainerBase.[Tomcat].[localhost].[/] http-nio-8082-exec-1 [32mInitializing Spring DispatcherServlet 'dispatcherServlet'
[0;39m[31m2024-04-24 17:12:41,281[0;39m [32m[INFO][0;39m org.springframework.web.servlet.DispatcherServlet http-nio-8082-exec-1 [32mInitializing Servlet 'dispatcherServlet'
[0;39m[31m2024-04-24 17:12:41,281[0;39m [32m[INFO][0;39m org.springframework.web.servlet.DispatcherServlet http-nio-8082-exec-1 [32mCompleted initialization in 0 ms
[0;39m[31m2024-04-24 17:13:23,332[0;39m [32m[INFO][0;39m com.thymeleaf.transaction.TransactionApplication main [32mStarting TransactionApplication using Java 1.8.0_292 on WPF45CTT7 with PID 19972 (C:\DLTE-JAVA-FULL-STACK-ARUNDHATHI-NAYAK-2024\DLTE-SPRING\SPRINGBOOT-TASKS\Spring_Boot_Thymeleaf_build_submission_newTransaction\target\classes started by xxnayaka in C:\DLTE-JAVA-FULL-STACK-ARUNDHATHI-NAYAK-2024\DLTE-SPRING\SPRINGBOOT-TASKS\Spring_Boot_Thymeleaf_build_submission_newTransaction)
[0;39m[31m2024-04-24 17:13:23,332[0;39m [32m[INFO][0;39m com.thymeleaf.transaction.TransactionApplication main [32mNo active profile set, falling back to 1 default profile: "default"
[0;39m[31m2024-04-24 17:13:23,866[0;39m [32m[INFO][0;39m org.springframework.data.repository.config.RepositoryConfigurationDelegate main [32mBootstrapping Spring Data JDBC repositories in DEFAULT mode.
[0;39m[31m2024-04-24 17:13:23,881[0;39m [32m[INFO][0;39m org.springframework.data.repository.config.RepositoryConfigurationDelegate main [32mFinished Spring Data repository scanning in 5 ms. Found 0 JDBC repository interfaces.
[0;39m[31m2024-04-24 17:13:24,196[0;39m [32m[INFO][0;39m org.springframework.boot.web.embedded.tomcat.TomcatWebServer main [32mTomcat initialized with port(s): 8082 (http)
[0;39m[31m2024-04-24 17:13:24,211[0;39m [32m[INFO][0;39m org.apache.catalina.core.StandardService main [32mStarting service [Tomcat]
[0;39m[31m2024-04-24 17:13:24,220[0;39m [32m[INFO][0;39m org.apache.catalina.core.StandardEngine main [32mStarting Servlet engine: [Apache Tomcat/9.0.73]
[0;39m[31m2024-04-24 17:13:24,305[0;39m [32m[INFO][0;39m org.apache.catalina.core.ContainerBase.[Tomcat].[localhost].[/] main [32mInitializing Spring embedded WebApplicationContext
[0;39m[31m2024-04-24 17:13:24,305[0;39m [32m[INFO][0;39m org.springframework.boot.web.servlet.context.ServletWebServerApplicationContext main [32mRoot WebApplicationContext: initialization completed in 942 ms
[0;39m[31m2024-04-24 17:13:24,509[0;39m [32m[INFO][0;39m org.springframework.security.web.DefaultSecurityFilterChain main [32mWill secure any request with [org.springframework.security.web.session.DisableEncodeUrlFilter@5445f5ba, org.springframework.security.web.context.request.async.WebAsyncManagerIntegrationFilter@1431267b, org.springframework.security.web.context.SecurityContextPersistenceFilter@67c119b7, org.springframework.security.web.header.HeaderWriterFilter@77010a30, org.springframework.security.web.authentication.logout.LogoutFilter@35dd9ed3, org.springframework.security.web.authentication.UsernamePasswordAuthenticationFilter@359ff4d9, org.springframework.security.web.authentication.ui.DefaultLoginPageGeneratingFilter@58e92c23, org.springframework.security.web.authentication.ui.DefaultLogoutPageGeneratingFilter@342726f1, org.springframework.security.web.authentication.www.BasicAuthenticationFilter@3cae7b8b, org.springframework.security.web.savedrequest.RequestCacheAwareFilter@6c03fb16, org.springframework.security.web.servletapi.SecurityContextHolderAwareRequestFilter@6de0f580, org.springframework.security.web.authentication.AnonymousAuthenticationFilter@c808207, org.springframework.security.web.session.SessionManagementFilter@12aa4996, org.springframework.security.web.access.ExceptionTranslationFilter@72e789cb, org.springframework.security.web.access.intercept.FilterSecurityInterceptor@442f92e6]
[0;39m[31m2024-04-24 17:13:24,621[0;39m [32m[INFO][0;39m org.springframework.boot.autoconfigure.web.servlet.WelcomePageHandlerMapping main [32mAdding welcome page template: index
[0;39m[31m2024-04-24 17:13:24,777[0;39m [32m[INFO][0;39m com.zaxxer.hikari.HikariDataSource main [32mHikariPool-1 - Starting...
[0;39m[31m2024-04-24 17:13:24,777[0;39m [32m[WARN][0;39m com.zaxxer.hikari.util.DriverDataSource main [32mRegistered driver with driverClassName=oracle.jdbc.driver.OracleDriver was not found, trying direct instantiation.
[0;39m[31m2024-04-24 17:13:24,840[0;39m [32m[INFO][0;39m com.zaxxer.hikari.pool.PoolBase main [32mHikariPool-1 - Driver does not support get/set network timeout for connections. (oracle.jdbc.driver.T4CConnection.getNetworkTimeout()I)
[0;39m[31m2024-04-24 17:13:24,840[0;39m [32m[INFO][0;39m com.zaxxer.hikari.HikariDataSource main [32mHikariPool-1 - Start completed.
[0;39m[31m2024-04-24 17:13:24,934[0;39m [32m[INFO][0;39m org.springframework.boot.web.embedded.tomcat.TomcatWebServer main [32mTomcat started on port(s): 8082 (http) with context path ''
[0;39m[31m2024-04-24 17:13:24,950[0;39m [32m[INFO][0;39m com.thymeleaf.transaction.TransactionApplication main [32mStarted TransactionApplication in 1.941 seconds (JVM running for 2.543)
[0;39m[31m2024-04-24 17:13:40,866[0;39m [32m[INFO][0;39m org.apache.catalina.core.ContainerBase.[Tomcat].[localhost].[/] http-nio-8082-exec-1 [32mInitializing Spring DispatcherServlet 'dispatcherServlet'
[0;39m[31m2024-04-24 17:13:40,866[0;39m [32m[INFO][0;39m org.springframework.web.servlet.DispatcherServlet http-nio-8082-exec-1 [32mInitializing Servlet 'dispatcherServlet'
[0;39m[31m2024-04-24 17:13:40,866[0;39m [32m[INFO][0;39m org.springframework.web.servlet.DispatcherServlet http-nio-8082-exec-1 [32mCompleted initialization in 0 ms
[0;39m